mode: atomic
septica-backend/cmd/server/main.go:29.13,39.16 5 0
septica-backend/cmd/server/main.go:39.16,41.3 1 0
septica-backend/cmd/server/main.go:42.2,45.44 2 0
septica-backend/cmd/server/main.go:45.44,46.46 1 0
septica-backend/cmd/server/main.go:46.46,48.4 1 0
septica-backend/cmd/server/main.go:49.3,49.47 1 0
septica-backend/cmd/server/main.go:50.8,52.3 1 0
septica-backend/cmd/server/main.go:55.2,70.51 10 0
septica-backend/cmd/server/main.go:70.51,72.3 1 0
septica-backend/cmd/server/main.go:73.2,80.53 4 0
septica-backend/cmd/server/main.go:80.53,82.3 1 0
septica-backend/cmd/server/main.go:83.2,86.37 2 0
septica-backend/cmd/server/main.go:86.37,88.3 1 0
septica-backend/cmd/server/main.go:90.2,116.12 12 0
septica-backend/cmd/server/main.go:116.12,118.80 2 0
septica-backend/cmd/server/main.go:118.80,120.4 1 0
septica-backend/cmd/server/main.go:124.2,142.45 11 0
septica-backend/cmd/server/main.go:142.45,144.3 1 0
septica-backend/cmd/server/main.go:146.2,146.30 1 0
septica-backend/cmd/server/main.go:153.253,174.2 12 0
septica-backend/cmd/server/main.go:174.2,177.3 1 0
septica-backend/cmd/server/main.go:181.2,186.2 4 0
septica-backend/cmd/server/main.go:186.2,190.3 3 0
septica-backend/cmd/server/main.go:190.3,192.4 1 0
septica-backend/cmd/server/main.go:195.3,197.3 3 0
septica-backend/cmd/server/main.go:197.3,202.4 4 0
septica-backend/cmd/server/main.go:205.3,205.55 1 0
septica-backend/cmd/server/main.go:205.55,209.4 2 0
septica-backend/cmd/server/main.go:210.3,210.54 1 0
septica-backend/cmd/server/main.go:210.54,213.4 2 0
septica-backend/cmd/server/main.go:214.3,214.58 1 0
septica-backend/cmd/server/main.go:214.58,217.4 2 0
septica-backend/cmd/server/main.go:218.3,218.64 1 0
septica-backend/cmd/server/main.go:218.64,221.4 2 0
septica-backend/cmd/server/main.go:222.3,222.65 1 0
septica-backend/cmd/server/main.go:222.65,225.4 2 0
septica-backend/cmd/server/main.go:226.3,226.66 1 0
septica-backend/cmd/server/main.go:226.66,229.4 2 0
septica-backend/cmd/server/main.go:232.3,232.54 1 0
septica-backend/cmd/server/main.go:232.54,235.4 2 0
septica-backend/cmd/server/main.go:236.3,236.69 1 0
septica-backend/cmd/server/main.go:236.69,239.4 2 0
septica-backend/cmd/server/main.go:240.3,240.62 1 0
septica-backend/cmd/server/main.go:240.62,243.4 2 0
septica-backend/cmd/server/main.go:247.2,247.39 1 0
septica-backend/cmd/server/main.go:247.39,253.3 1 0
septica-backend/cmd/server/main.go:255.2,255.67 1 0
septica-backend/cmd/server/main.go:259.62,260.75 1 0
septica-backend/cmd/server/main.go:260.75,270.3 2 0
septica-backend/cmd/server/main.go:274.57,275.30 1 0
septica-backend/cmd/server/main.go:275.30,279.52 2 0
septica-backend/cmd/server/main.go:279.52,280.31 1 0
septica-backend/cmd/server/main.go:280.31,282.10 2 0
septica-backend/cmd/server/main.go:286.3,291.36 5 0
septica-backend/cmd/server/main.go:291.36,294.4 2 0
septica-backend/cmd/server/main.go:296.3,296.11 1 0
septica-backend/cmd/server/main.go:301.70,305.6 3 0
septica-backend/cmd/server/main.go:305.6,306.10 1 0
septica-backend/cmd/server/main.go:307.19,309.90 2 0
septica-backend/cmd/server/main.go:316.73,317.30 1 0
septica-backend/cmd/server/main.go:317.30,319.17 2 0
septica-backend/cmd/server/main.go:319.17,322.4 2 0
septica-backend/cmd/server/main.go:325.3,326.14 2 0
septica-backend/cmd/server/main.go:326.14,329.4 2 0
septica-backend/cmd/server/main.go:332.3,333.143 2 0
septica-backend/cmd/server/main.go:333.143,334.46 1 0
septica-backend/cmd/server/main.go:334.46,336.5 1 0
septica-backend/cmd/server/main.go:336.10,339.5 2 0
septica-backend/cmd/server/main.go:340.4,340.10 1 0
septica-backend/cmd/server/main.go:344.3,346.63 3 0
septica-backend/cmd/server/main.go:346.63,348.4 1 0
septica-backend/cmd/server/main.go:349.3,349.63 1 0
septica-backend/cmd/server/main.go:349.63,351.4 1 0
septica-backend/cmd/server/main.go:353.3,353.16 1 0
septica-backend/cmd/server/main.go:353.16,356.4 2 0
septica-backend/cmd/server/main.go:358.3,358.32 1 0
septica-backend/cmd/server/main.go:362.98,363.30 1 0
septica-backend/cmd/server/main.go:363.30,371.48 2 0
septica-backend/cmd/server/main.go:371.48,374.4 2 0
septica-backend/cmd/server/main.go:377.3,378.14 2 0
septica-backend/cmd/server/main.go:378.14,381.4 2 0
septica-backend/cmd/server/main.go:383.3,388.26 4 0
septica-backend/cmd/server/main.go:388.26,390.4 1 0
septica-backend/cmd/server/main.go:390.9,390.33 1 0
septica-backend/cmd/server/main.go:390.33,392.4 1 0
septica-backend/cmd/server/main.go:392.9,392.33 1 0
septica-backend/cmd/server/main.go:392.33,394.4 1 0
septica-backend/cmd/server/main.go:397.3,407.49 3 0
septica-backend/cmd/server/main.go:407.49,411.4 3 0
septica-backend/cmd/server/main.go:413.3,423.5 2 0
septica-backend/cmd/server/main.go:427.74,428.30 1 0
septica-backend/cmd/server/main.go:428.30,430.17 2 0
septica-backend/cmd/server/main.go:430.17,433.4 2 0
septica-backend/cmd/server/main.go:436.3,437.14 2 0
septica-backend/cmd/server/main.go:437.14,440.4 2 0
septica-backend/cmd/server/main.go:442.3,446.67 3 0
septica-backend/cmd/server/main.go:446.67,447.46 1 0
septica-backend/cmd/server/main.go:447.46,449.5 1 0
septica-backend/cmd/server/main.go:449.10,452.5 2 0
septica-backend/cmd/server/main.go:453.4,453.10 1 0
septica-backend/cmd/server/main.go:457.3,458.41 2 0
septica-backend/cmd/server/main.go:458.41,460.4 1 0
septica-backend/cmd/server/main.go:460.9,460.48 1 0
septica-backend/cmd/server/main.go:460.48,462.4 1 0
septica-backend/cmd/server/main.go:465.3,466.35 2 0
septica-backend/cmd/server/main.go:466.35,468.4 1 0
septica-backend/cmd/server/main.go:469.3,469.63 1 0
septica-backend/cmd/server/main.go:469.63,471.4 1 0
septica-backend/cmd/server/main.go:472.3,472.63 1 0
septica-backend/cmd/server/main.go:472.63,474.4 1 0
septica-backend/cmd/server/main.go:476.3,476.35 1 0
septica-backend/cmd/server/main.go:476.35,479.4 2 0
septica-backend/cmd/server/main.go:482.3,482.67 1 0
septica-backend/cmd/server/main.go:482.67,485.4 2 0
septica-backend/cmd/server/main.go:486.3,486.63 1 0
septica-backend/cmd/server/main.go:486.63,489.4 2 0
septica-backend/cmd/server/main.go:490.3,490.63 1 0
septica-backend/cmd/server/main.go:490.63,493.4 2 0
septica-backend/cmd/server/main.go:496.3,496.33 1 0
septica-backend/cmd/server/main.go:496.33,499.4 2 0
septica-backend/cmd/server/main.go:502.3,502.35 1 0
septica-backend/cmd/server/main.go:502.35,504.4 1 0
septica-backend/cmd/server/main.go:504.9,504.70 1 0
septica-backend/cmd/server/main.go:504.70,506.4 1 0
septica-backend/cmd/server/main.go:506.9,506.70 1 0
septica-backend/cmd/server/main.go:506.70,508.4 1 0
septica-backend/cmd/server/main.go:511.3,511.48 1 0
septica-backend/cmd/server/main.go:511.48,515.4 3 0
septica-backend/cmd/server/main.go:517.3,525.5 2 0
septica-backend/cmd/server/main.go:529.75,530.30 1 0
septica-backend/cmd/server/main.go:530.30,532.17 2 0
septica-backend/cmd/server/main.go:532.17,535.4 2 0
septica-backend/cmd/server/main.go:538.3,539.14 2 0
septica-backend/cmd/server/main.go:539.14,542.4 2 0
septica-backend/cmd/server/main.go:544.3,548.67 3 0
septica-backend/cmd/server/main.go:548.67,549.46 1 0
septica-backend/cmd/server/main.go:549.46,551.5 1 0
septica-backend/cmd/server/main.go:551.10,554.5 2 0
septica-backend/cmd/server/main.go:555.4,555.10 1 0
septica-backend/cmd/server/main.go:559.3,560.35 2 0
septica-backend/cmd/server/main.go:560.35,564.4 2 0
septica-backend/cmd/server/main.go:564.9,564.42 1 0
septica-backend/cmd/server/main.go:564.42,567.4 2 0
septica-backend/cmd/server/main.go:567.9,567.70 1 0
septica-backend/cmd/server/main.go:567.70,570.4 2 0
septica-backend/cmd/server/main.go:570.9,570.70 1 0
septica-backend/cmd/server/main.go:570.70,573.4 2 0
septica-backend/cmd/server/main.go:575.3,575.17 1 0
septica-backend/cmd/server/main.go:575.17,578.4 2 0
septica-backend/cmd/server/main.go:581.3,581.48 1 0
septica-backend/cmd/server/main.go:581.48,585.4 3 0
septica-backend/cmd/server/main.go:587.3,594.5 2 0
septica-backend/cmd/cleanup/main.go:12.13,27.16 9 0
septica-backend/cmd/cleanup/main.go:27.16,29.3 1 0
septica-backend/cmd/cleanup/main.go:31.2,45.25 7 0
septica-backend/cmd/cleanup/main.go:45.25,47.3 1 0
septica-backend/cmd/cleanup/main.go:47.8,50.38 2 0
septica-backend/cmd/cleanup/main.go:50.38,56.39 3 0
septica-backend/cmd/cleanup/main.go:56.39,64.5 1 0
septica-backend/cmd/cleanup/main.go:67.3,67.38 1 0
septica-backend/cmd/cleanup/main.go:67.38,72.27 2 0
septica-backend/cmd/cleanup/main.go:72.27,74.5 1 0
septica-backend/cmd/cleanup/main.go:74.10,76.5 1 0
septica-backend/cmd/cleanup/main.go:81.2,86.25 3 0
septica-backend/cmd/cleanup/main.go:86.25,88.3 1 0
septica-backend/cmd/cleanup/main.go:88.8,91.42 2 0
septica-backend/cmd/cleanup/main.go:91.42,97.27 2 0
septica-backend/cmd/cleanup/main.go:97.27,99.5 1 0
septica-backend/cmd/cleanup/main.go:99.10,101.5 1 0
septica-backend/cmd/cleanup/main.go:106.2,106.14 1 0
septica-backend/cmd/cleanup/main.go:106.14,120.3 6 0
septica-backend/cmd/cleanup/main.go:123.2,128.25 3 0
septica-backend/cmd/cleanup/main.go:128.25,130.3 1 0
septica-backend/cmd/cleanup/main.go:132.2,132.13 1 0
septica-backend/cmd/cleanup/main.go:132.13,134.3 1 0
septica-backend/cmd/cleanup/main.go:134.8,136.3 1 0
septica-backend/internal/auth/auth.go:39.82,45.2 1 0
septica-backend/internal/auth/auth.go:48.65,51.2 2 0
septica-backend/internal/auth/auth.go:54.62,56.2 1 0
septica-backend/internal/auth/auth.go:59.84,74.2 3 0
septica-backend/internal/auth/auth.go:77.70,78.104 1 0
septica-backend/internal/auth/auth.go:78.104,80.58 1 0
septica-backend/internal/auth/auth.go:80.58,82.4 1 0
septica-backend/internal/auth/auth.go:83.3,83.26 1 0
septica-backend/internal/auth/auth.go:86.2,86.16 1 0
septica-backend/internal/auth/auth.go:86.16,87.42 1 0
septica-backend/internal/auth/auth.go:87.42,89.4 1 0
septica-backend/internal/auth/auth.go:90.3,90.30 1 0
septica-backend/internal/auth/auth.go:93.2,94.25 2 0
septica-backend/internal/auth/auth.go:94.25,96.3 1 0
septica-backend/internal/auth/auth.go:98.2,98.20 1 0
septica-backend/internal/auth/auth.go:102.68,104.16 2 0
septica-backend/internal/auth/auth.go:104.16,106.3 1 0
septica-backend/internal/auth/auth.go:109.2,109.56 1 0
septica-backend/internal/auth/auth.go:114.72,115.104 1 0
septica-backend/internal/auth/auth.go:115.104,117.3 1 0
septica-backend/internal/auth/auth.go:119.2,119.16 1 0
septica-backend/internal/auth/auth.go:119.16,121.3 1 0
septica-backend/internal/auth/auth.go:123.2,124.9 2 0
septica-backend/internal/auth/auth.go:124.9,126.3 1 0
septica-backend/internal/auth/auth.go:128.2,128.27 1 0
septica-backend/internal/auth/auth.go:132.86,135.108 2 0
septica-backend/internal/auth/auth.go:135.108,137.3 1 0
septica-backend/internal/auth/auth.go:137.8,137.42 1 0
septica-backend/internal/auth/auth.go:137.42,139.3 1 0
septica-backend/internal/auth/auth.go:142.2,143.16 2 0
septica-backend/internal/auth/auth.go:143.16,145.3 1 0
septica-backend/internal/auth/auth.go:148.2,160.21 3 0
septica-backend/internal/auth/auth.go:160.21,162.3 1 0
septica-backend/internal/auth/auth.go:165.2,165.46 1 0
septica-backend/internal/auth/auth.go:165.46,168.3 2 0
septica-backend/internal/auth/auth.go:171.2,188.48 2 0
septica-backend/internal/auth/auth.go:188.48,191.3 2 0
septica-backend/internal/auth/auth.go:194.2,194.42 1 0
septica-backend/internal/auth/auth.go:194.42,196.3 1 0
septica-backend/internal/auth/auth.go:198.2,198.18 1 0
septica-backend/internal/auth/auth.go:202.76,206.80 2 0
septica-backend/internal/auth/auth.go:206.80,207.36 1 0
septica-backend/internal/auth/auth.go:207.36,209.4 1 0
septica-backend/internal/auth/auth.go:210.3,210.18 1 0
septica-backend/internal/auth/auth.go:214.2,214.20 1 0
septica-backend/internal/auth/auth.go:214.20,216.3 1 0
septica-backend/internal/auth/auth.go:219.2,219.69 1 0
septica-backend/internal/auth/auth.go:219.69,221.3 1 0
septica-backend/internal/auth/auth.go:224.2,226.77 3 0
septica-backend/internal/auth/auth.go:226.78,229.3 0 0
septica-backend/internal/auth/auth.go:231.2,231.19 1 0
septica-backend/internal/auth/auth.go:235.73,237.66 2 0
septica-backend/internal/auth/auth.go:237.66,238.36 1 0
septica-backend/internal/auth/auth.go:238.36,240.4 1 0
septica-backend/internal/auth/auth.go:241.3,241.18 1 0
septica-backend/internal/auth/auth.go:243.2,243.19 1 0
septica-backend/internal/logger/mobile_game_logger.go:63.13,65.2 1 0
septica-backend/internal/logger/mobile_game_logger.go:67.46,83.2 3 0
septica-backend/internal/logger/mobile_game_logger.go:87.149,100.13 2 0
septica-backend/internal/logger/mobile_game_logger.go:100.13,106.3 2 0
septica-backend/internal/logger/mobile_game_logger.go:106.8,109.3 1 0
septica-backend/internal/logger/mobile_game_logger.go:112.2,112.41 1 0
septica-backend/internal/logger/mobile_game_logger.go:112.41,118.3 1 0
septica-backend/internal/logger/mobile_game_logger.go:121.112,123.21 1 0
septica-backend/internal/logger/mobile_game_logger.go:123.21,125.16 2 0
septica-backend/internal/logger/mobile_game_logger.go:125.16,127.4 1 0
septica-backend/internal/logger/mobile_game_logger.go:127.9,129.4 1 0
septica-backend/internal/logger/mobile_game_logger.go:133.2,133.39 1 0
septica-backend/internal/logger/mobile_game_logger.go:133.39,134.36 1 0
septica-backend/internal/logger/mobile_game_logger.go:134.36,137.9 3 0
septica-backend/internal/logger/mobile_game_logger.go:142.2,142.21 1 0
septica-backend/internal/logger/mobile_game_logger.go:142.21,143.29 1 0
septica-backend/internal/logger/mobile_game_logger.go:143.29,146.4 2 0
septica-backend/internal/logger/mobile_game_logger.go:146.9,149.4 2 0
septica-backend/internal/logger/mobile_game_logger.go:153.2,153.42 1 0
septica-backend/internal/logger/mobile_game_logger.go:153.42,155.23 2 0
septica-backend/internal/logger/mobile_game_logger.go:155.23,157.4 1 0
septica-backend/internal/logger/mobile_game_logger.go:158.3,162.5 1 0
septica-backend/internal/logger/mobile_game_logger.go:166.92,174.16 2 0
septica-backend/internal/logger/mobile_game_logger.go:175.16,176.83 1 0
septica-backend/internal/logger/mobile_game_logger.go:177.17,179.43 2 0
septica-backend/internal/logger/mobile_game_logger.go:180.17,181.79 1 0
septica-backend/internal/logger/mobile_game_logger.go:182.10,183.65 1 0
septica-backend/internal/logger/mobile_game_logger.go:187.89,195.15 2 0
septica-backend/internal/logger/mobile_game_logger.go:196.17,198.27 2 0
septica-backend/internal/logger/mobile_game_logger.go:199.15,201.27 2 0
septica-backend/internal/logger/mobile_game_logger.go:202.23,203.105 1 0
septica-backend/internal/logger/mobile_game_logger.go:204.21,205.107 1 0
septica-backend/internal/logger/mobile_game_logger.go:211.106,219.18 2 0
septica-backend/internal/logger/mobile_game_logger.go:219.18,221.3 1 0
septica-backend/internal/logger/mobile_game_logger.go:223.2,223.15 1 0
septica-backend/internal/logger/mobile_game_logger.go:224.17,226.32 2 0
septica-backend/internal/logger/mobile_game_logger.go:227.20,229.32 2 0
septica-backend/internal/logger/mobile_game_logger.go:230.19,231.94 1 0
septica-backend/internal/logger/mobile_game_logger.go:232.17,233.37 1 0
septica-backend/internal/logger/mobile_game_logger.go:233.37,235.4 1 0
septica-backend/internal/logger/mobile_game_logger.go:235.9,237.4 1 0
septica-backend/internal/logger/mobile_game_logger.go:238.15,239.83 1 0
septica-backend/internal/logger/mobile_game_logger.go:245.55,254.35 6 0
septica-backend/internal/logger/mobile_game_logger.go:254.35,256.3 1 0
septica-backend/internal/logger/mobile_game_logger.go:258.2,258.37 1 0
septica-backend/internal/logger/mobile_game_logger.go:258.37,260.3 1 0
septica-backend/internal/logger/mobile_game_logger.go:262.2,262.38 1 0
septica-backend/internal/logger/mobile_game_logger.go:262.38,264.3 1 0
septica-backend/internal/logger/mobile_game_logger.go:267.96,276.18 3 0
septica-backend/internal/logger/mobile_game_logger.go:276.18,279.3 2 0
septica-backend/internal/logger/mobile_game_logger.go:279.8,279.44 1 0
septica-backend/internal/logger/mobile_game_logger.go:279.44,281.3 1 0
septica-backend/internal/logger/mobile_game_logger.go:281.8,283.3 1 0
septica-backend/internal/logger/mobile_game_logger.go:288.65,302.35 4 0
septica-backend/internal/logger/mobile_game_logger.go:302.35,304.3 1 0
septica-backend/internal/logger/mobile_game_logger.go:306.2,306.58 1 0
septica-backend/internal/logger/mobile_game_logger.go:306.58,308.3 1 0
septica-backend/internal/logger/mobile_game_logger.go:310.2,310.56 1 0
septica-backend/internal/logger/mobile_game_logger.go:310.56,312.3 1 0
septica-backend/internal/logger/mobile_game_logger.go:314.2,314.21 1 0
septica-backend/internal/logger/mobile_game_logger.go:314.21,318.3 3 0
septica-backend/internal/logger/mobile_game_logger.go:318.8,320.3 1 0
septica-backend/internal/logger/mobile_game_logger.go:322.2,322.15 1 0
septica-backend/internal/logger/mobile_game_logger.go:327.78,329.2 1 0
septica-backend/internal/logger/mobile_game_logger.go:331.77,333.2 1 0
septica-backend/internal/logger/mobile_game_logger.go:335.80,337.2 1 0
septica-backend/internal/logger/mobile_game_logger.go:339.77,341.2 1 0
septica-backend/internal/logger/mobile_game_logger.go:343.78,345.2 1 0
septica-backend/internal/logger/mobile_game_logger.go:347.81,349.2 1 0
septica-backend/internal/logger/mobile_game_logger.go:351.92,362.17 3 0
septica-backend/internal/logger/mobile_game_logger.go:362.17,364.3 1 0
septica-backend/internal/logger/mobile_game_logger.go:367.2,368.15 2 0
septica-backend/internal/logger/mobile_game_logger.go:369.13,370.21 1 0
septica-backend/internal/logger/mobile_game_logger.go:371.12,372.21 1 0
septica-backend/internal/logger/mobile_game_logger.go:373.15,374.21 1 0
septica-backend/internal/logger/mobile_game_logger.go:375.12,376.21 1 0
septica-backend/internal/logger/mobile_game_logger.go:377.13,378.21 1 0
septica-backend/internal/logger/mobile_game_logger.go:379.16,380.23 1 0
septica-backend/internal/logger/mobile_game_logger.go:382.2,385.17 2 0
septica-backend/internal/logger/mobile_game_logger.go:385.17,389.3 2 0
septica-backend/internal/logger/mobile_game_logger.go:389.8,392.3 1 0
septica-backend/internal/logger/mobile_game_logger.go:395.75,397.16 1 0
septica-backend/internal/logger/mobile_game_logger.go:398.29,398.29 0 0
septica-backend/internal/logger/mobile_game_logger.go:400.28,400.28 0 0
septica-backend/internal/logger/mobile_game_logger.go:407.60,408.30 1 0
septica-backend/internal/logger/mobile_game_logger.go:408.30,422.16 7 0
septica-backend/internal/logger/mobile_game_logger.go:422.16,424.4 1 0
septica-backend/internal/logger/mobile_game_logger.go:426.3,435.30 2 0
septica-backend/internal/logger/mobile_game_logger.go:435.30,437.4 1 0
septica-backend/internal/logger/mobile_game_logger.go:437.9,437.38 1 0
septica-backend/internal/logger/mobile_game_logger.go:437.38,439.4 1 0
septica-backend/internal/logger/mobile_game_logger.go:439.9,441.4 1 0
septica-backend/internal/tournament/brackets.go:20.57,22.2 1 0
septica-backend/internal/tournament/brackets.go:25.105,28.16 2 0
septica-backend/internal/tournament/brackets.go:28.16,30.3 1 0
septica-backend/internal/tournament/brackets.go:32.2,33.26 2 0
septica-backend/internal/tournament/brackets.go:33.26,35.3 1 0
septica-backend/internal/tournament/brackets.go:38.2,45.89 4 0
septica-backend/internal/tournament/brackets.go:49.105,51.16 2 0
septica-backend/internal/tournament/brackets.go:51.16,53.3 1 0
septica-backend/internal/tournament/brackets.go:55.2,56.26 2 0
septica-backend/internal/tournament/brackets.go:56.26,58.3 1 0
septica-backend/internal/tournament/brackets.go:61.2,66.102 4 0
septica-backend/internal/tournament/brackets.go:66.102,68.3 1 0
septica-backend/internal/tournament/brackets.go:71.2,71.77 1 0
septica-backend/internal/tournament/brackets.go:71.77,73.3 1 0
septica-backend/internal/tournament/brackets.go:75.2,75.12 1 0
septica-backend/internal/tournament/brackets.go:79.110,81.16 2 0
septica-backend/internal/tournament/brackets.go:81.16,83.3 1 0
septica-backend/internal/tournament/brackets.go:85.2,85.27 1 0
septica-backend/internal/tournament/brackets.go:85.27,87.3 1 0
septica-backend/internal/tournament/brackets.go:90.2,90.47 1 0
septica-backend/internal/tournament/brackets.go:90.47,91.65 1 0
septica-backend/internal/tournament/brackets.go:91.65,93.4 1 0
septica-backend/internal/tournament/brackets.go:94.3,94.71 1 0
septica-backend/internal/tournament/brackets.go:98.2,99.16 2 0
septica-backend/internal/tournament/brackets.go:99.16,101.3 1 0
septica-backend/internal/tournament/brackets.go:104.2,104.35 1 0
septica-backend/internal/tournament/brackets.go:104.35,115.50 2 0
septica-backend/internal/tournament/brackets.go:115.50,117.4 1 0
septica-backend/internal/tournament/brackets.go:120.2,120.12 1 0
septica-backend/internal/tournament/brackets.go:124.98,126.16 2 0
septica-backend/internal/tournament/brackets.go:126.16,128.3 1 0
septica-backend/internal/tournament/brackets.go:130.2,131.26 2 0
septica-backend/internal/tournament/brackets.go:131.26,133.3 1 0
septica-backend/internal/tournament/brackets.go:136.2,137.40 2 0
septica-backend/internal/tournament/brackets.go:137.40,138.45 1 0
septica-backend/internal/tournament/brackets.go:138.45,143.4 1 0
septica-backend/internal/tournament/brackets.go:147.2,150.46 2 0
septica-backend/internal/tournament/brackets.go:150.46,151.43 1 0
septica-backend/internal/tournament/brackets.go:151.43,161.51 2 0
septica-backend/internal/tournament/brackets.go:161.51,163.5 1 0
septica-backend/internal/tournament/brackets.go:167.2,167.12 1 0
septica-backend/internal/tournament/brackets.go:172.120,179.2 3 0
septica-backend/internal/tournament/brackets.go:181.119,187.2 3 0
septica-backend/internal/tournament/brackets.go:189.171,191.33 2 0
septica-backend/internal/tournament/brackets.go:191.33,193.3 1 0
septica-backend/internal/tournament/brackets.go:196.2,196.32 1 0
septica-backend/internal/tournament/brackets.go:196.32,198.3 1 0
septica-backend/internal/tournament/brackets.go:201.2,201.48 1 0
septica-backend/internal/tournament/brackets.go:201.48,205.34 3 0
septica-backend/internal/tournament/brackets.go:205.34,212.45 5 0
septica-backend/internal/tournament/brackets.go:212.45,214.5 1 0
septica-backend/internal/tournament/brackets.go:215.4,215.45 1 0
septica-backend/internal/tournament/brackets.go:215.45,217.5 1 0
septica-backend/internal/tournament/brackets.go:220.4,220.44 1 0
septica-backend/internal/tournament/brackets.go:220.44,223.5 2 0
septica-backend/internal/tournament/brackets.go:223.10,223.51 1 0
septica-backend/internal/tournament/brackets.go:223.51,226.5 2 0
septica-backend/internal/tournament/brackets.go:226.10,226.51 1 0
septica-backend/internal/tournament/brackets.go:226.51,229.5 1 0
septica-backend/internal/tournament/brackets.go:232.4,242.13 2 0
septica-backend/internal/tournament/brackets.go:242.13,245.5 2 0
septica-backend/internal/tournament/brackets.go:247.4,247.51 1 0
septica-backend/internal/tournament/brackets.go:247.51,249.5 1 0
septica-backend/internal/tournament/brackets.go:252.3,252.41 1 0
septica-backend/internal/tournament/brackets.go:255.2,255.12 1 0
septica-backend/internal/tournament/brackets.go:258.168,261.2 1 0
septica-backend/internal/tournament/brackets.go:263.112,269.49 2 0
septica-backend/internal/tournament/brackets.go:269.49,272.29 2 0
septica-backend/internal/tournament/brackets.go:272.29,275.4 1 0
septica-backend/internal/tournament/brackets.go:275.9,279.4 2 0
septica-backend/internal/tournament/brackets.go:282.3,282.41 1 0
septica-backend/internal/tournament/brackets.go:282.41,291.51 2 0
septica-backend/internal/tournament/brackets.go:291.51,293.5 1 0
septica-backend/internal/tournament/brackets.go:297.2,297.12 1 0
septica-backend/internal/tournament/brackets.go:300.136,306.16 4 0
septica-backend/internal/tournament/brackets.go:306.16,308.3 1 0
septica-backend/internal/tournament/brackets.go:311.2,311.41 1 0
septica-backend/internal/tournament/brackets.go:311.41,312.37 1 0
septica-backend/internal/tournament/brackets.go:312.37,313.12 1 0
septica-backend/internal/tournament/brackets.go:316.3,320.46 3 0
septica-backend/internal/tournament/brackets.go:320.46,321.38 1 0
septica-backend/internal/tournament/brackets.go:321.38,322.13 1 0
septica-backend/internal/tournament/brackets.go:325.4,328.82 2 0
septica-backend/internal/tournament/brackets.go:328.82,329.13 1 0
septica-backend/internal/tournament/brackets.go:333.4,333.52 1 0
septica-backend/internal/tournament/brackets.go:333.52,335.10 2 0
septica-backend/internal/tournament/brackets.go:339.4,339.22 1 0
septica-backend/internal/tournament/brackets.go:339.22,341.5 1 0
septica-backend/internal/tournament/brackets.go:344.3,344.21 1 0
septica-backend/internal/tournament/brackets.go:344.21,352.4 3 0
septica-backend/internal/tournament/brackets.go:352.9,359.4 2 0
septica-backend/internal/tournament/brackets.go:362.2,362.22 1 0
septica-backend/internal/tournament/brackets.go:365.148,371.16 4 0
septica-backend/internal/tournament/brackets.go:371.16,373.3 1 0
septica-backend/internal/tournament/brackets.go:376.2,376.29 1 0
septica-backend/internal/tournament/brackets.go:376.29,381.3 4 0
septica-backend/internal/tournament/brackets.go:383.2,383.22 1 0
septica-backend/internal/tournament/brackets.go:386.107,389.2 2 0
septica-backend/internal/tournament/brackets.go:391.115,397.29 2 0
septica-backend/internal/tournament/brackets.go:397.29,399.3 1 0
septica-backend/internal/tournament/brackets.go:399.8,401.3 1 0
septica-backend/internal/tournament/brackets.go:403.2,405.22 3 0
septica-backend/internal/tournament/brackets.go:405.22,407.3 1 0
septica-backend/internal/tournament/brackets.go:410.2,410.38 1 0
septica-backend/internal/tournament/brackets.go:410.38,412.57 1 0
septica-backend/internal/tournament/brackets.go:412.57,413.82 1 0
septica-backend/internal/tournament/brackets.go:413.82,417.10 4 0
septica-backend/internal/tournament/brackets.go:422.2,422.15 1 0
septica-backend/internal/tournament/game_integration.go:26.134,33.2 1 0
septica-backend/internal/tournament/game_integration.go:36.162,39.15 2 0
septica-backend/internal/tournament/game_integration.go:39.15,40.31 1 0
septica-backend/internal/tournament/game_integration.go:40.31,42.4 1 0
septica-backend/internal/tournament/game_integration.go:46.2,47.66 2 0
septica-backend/internal/tournament/game_integration.go:47.66,50.3 2 0
septica-backend/internal/tournament/game_integration.go:53.2,54.60 2 0
septica-backend/internal/tournament/game_integration.go:54.60,57.3 2 0
septica-backend/internal/tournament/game_integration.go:60.2,61.60 2 0
septica-backend/internal/tournament/game_integration.go:61.60,64.3 2 0
septica-backend/internal/tournament/game_integration.go:65.2,65.60 1 0
septica-backend/internal/tournament/game_integration.go:65.60,68.3 2 0
septica-backend/internal/tournament/game_integration.go:71.2,90.49 3 0
septica-backend/internal/tournament/game_integration.go:90.49,93.3 2 0
septica-backend/internal/tournament/game_integration.go:96.2,97.48 2 0
septica-backend/internal/tournament/game_integration.go:97.48,100.3 2 0
septica-backend/internal/tournament/game_integration.go:102.2,102.42 1 0
septica-backend/internal/tournament/game_integration.go:102.42,104.3 1 0
septica-backend/internal/tournament/game_integration.go:106.2,115.23 2 0
septica-backend/internal/tournament/game_integration.go:119.113,120.26 1 0
septica-backend/internal/tournament/game_integration.go:120.26,122.3 1 0
septica-backend/internal/tournament/game_integration.go:125.2,126.15 2 0
septica-backend/internal/tournament/game_integration.go:126.15,127.31 1 0
septica-backend/internal/tournament/game_integration.go:127.31,129.4 1 0
septica-backend/internal/tournament/game_integration.go:133.2,134.107 2 0
septica-backend/internal/tournament/game_integration.go:134.107,137.3 2 0
septica-backend/internal/tournament/game_integration.go:140.2,140.32 1 0
septica-backend/internal/tournament/game_integration.go:140.32,143.3 2 0
septica-backend/internal/tournament/game_integration.go:146.2,152.47 6 0
septica-backend/internal/tournament/game_integration.go:152.47,155.3 2 0
septica-backend/internal/tournament/game_integration.go:158.2,158.42 1 0
septica-backend/internal/tournament/game_integration.go:158.42,159.73 1 0
septica-backend/internal/tournament/game_integration.go:159.73,162.4 1 0
septica-backend/internal/tournament/game_integration.go:166.2,166.68 1 0
septica-backend/internal/tournament/game_integration.go:166.68,169.3 2 0
septica-backend/internal/tournament/game_integration.go:172.2,172.71 1 0
septica-backend/internal/tournament/game_integration.go:172.71,175.3 2 0
septica-backend/internal/tournament/game_integration.go:178.2,178.67 1 0
septica-backend/internal/tournament/game_integration.go:178.67,181.3 2 0
septica-backend/internal/tournament/game_integration.go:183.2,183.42 1 0
septica-backend/internal/tournament/game_integration.go:183.42,185.3 1 0
septica-backend/internal/tournament/game_integration.go:187.2,194.12 2 0
septica-backend/internal/tournament/game_integration.go:199.93,200.39 1 0
septica-backend/internal/tournament/game_integration.go:200.39,202.3 1 0
septica-backend/internal/tournament/game_integration.go:203.2,203.21 1 0
septica-backend/internal/tournament/game_integration.go:206.82,207.24 1 0
septica-backend/internal/tournament/game_integration.go:208.28,209.20 1 0
septica-backend/internal/tournament/game_integration.go:210.28,211.20 1 0
septica-backend/internal/tournament/game_integration.go:212.22,213.15 1 0
septica-backend/internal/tournament/game_integration.go:214.21,215.15 1 0
septica-backend/internal/tournament/game_integration.go:216.10,217.15 1 0
septica-backend/internal/tournament/game_integration.go:221.113,222.35 1 0
septica-backend/internal/tournament/game_integration.go:222.35,224.3 1 0
septica-backend/internal/tournament/game_integration.go:226.2,230.47 4 0
septica-backend/internal/tournament/game_integration.go:230.47,232.3 1 0
septica-backend/internal/tournament/game_integration.go:235.2,235.98 1 0
septica-backend/internal/tournament/game_integration.go:235.98,236.80 1 0
septica-backend/internal/tournament/game_integration.go:236.80,238.4 1 0
septica-backend/internal/tournament/game_integration.go:241.3,241.51 1 0
septica-backend/internal/tournament/game_integration.go:241.51,242.84 1 0
septica-backend/internal/tournament/game_integration.go:242.84,244.5 1 0
septica-backend/internal/tournament/game_integration.go:248.2,248.12 1 0
septica-backend/internal/tournament/game_integration.go:251.116,254.16 2 0
septica-backend/internal/tournament/game_integration.go:254.16,256.3 1 0
septica-backend/internal/tournament/game_integration.go:259.2,260.134 2 0
septica-backend/internal/tournament/game_integration.go:260.134,262.3 1 0
septica-backend/internal/tournament/game_integration.go:263.2,263.134 1 0
septica-backend/internal/tournament/game_integration.go:263.134,265.3 1 0
septica-backend/internal/tournament/game_integration.go:268.2,274.28 5 0
septica-backend/internal/tournament/game_integration.go:274.28,275.41 1 0
septica-backend/internal/tournament/game_integration.go:275.41,278.4 2 0
septica-backend/internal/tournament/game_integration.go:278.9,281.4 2 0
septica-backend/internal/tournament/game_integration.go:285.2,285.44 1 0
septica-backend/internal/tournament/game_integration.go:285.44,286.29 1 0
septica-backend/internal/tournament/game_integration.go:286.29,287.42 1 0
septica-backend/internal/tournament/game_integration.go:287.42,291.5 3 0
septica-backend/internal/tournament/game_integration.go:291.10,295.5 3 0
septica-backend/internal/tournament/game_integration.go:296.9,300.4 2 0
septica-backend/internal/tournament/game_integration.go:304.2,304.53 1 0
septica-backend/internal/tournament/game_integration.go:304.53,306.3 1 0
septica-backend/internal/tournament/game_integration.go:307.2,307.53 1 0
septica-backend/internal/tournament/game_integration.go:307.53,309.3 1 0
septica-backend/internal/tournament/game_integration.go:311.2,311.12 1 0
septica-backend/internal/tournament/game_integration.go:314.114,315.21 1 0
septica-backend/internal/tournament/game_integration.go:315.21,317.3 1 0
septica-backend/internal/tournament/game_integration.go:320.2,328.35 5 0
septica-backend/internal/tournament/game_integration.go:328.35,330.78 1 0
septica-backend/internal/tournament/game_integration.go:330.78,332.4 1 0
septica-backend/internal/tournament/game_integration.go:333.3,333.13 1 0
septica-backend/internal/tournament/game_integration.go:334.8,334.23 1 0
septica-backend/internal/tournament/game_integration.go:334.23,336.3 1 0
septica-backend/internal/tournament/game_integration.go:339.2,339.44 1 0
septica-backend/internal/tournament/game_integration.go:339.44,342.3 1 0
septica-backend/internal/tournament/game_integration.go:342.8,345.3 1 0
septica-backend/internal/tournament/game_integration.go:347.2,347.52 1 0
septica-backend/internal/tournament/game_integration.go:347.52,349.3 1 0
septica-backend/internal/tournament/game_integration.go:352.2,352.66 1 0
septica-backend/internal/tournament/game_integration.go:352.66,354.17 2 0
septica-backend/internal/tournament/game_integration.go:354.17,356.4 1 0
septica-backend/internal/tournament/game_integration.go:359.2,359.12 1 0
septica-backend/internal/tournament/game_integration.go:362.117,363.21 1 0
septica-backend/internal/tournament/game_integration.go:363.21,365.3 1 0
septica-backend/internal/tournament/game_integration.go:368.2,369.33 2 0
septica-backend/internal/tournament/game_integration.go:369.33,371.3 1 0
septica-backend/internal/tournament/game_integration.go:371.8,373.3 1 0
septica-backend/internal/tournament/game_integration.go:377.2,384.35 5 0
septica-backend/internal/tournament/game_integration.go:384.35,393.57 2 0
septica-backend/internal/tournament/game_integration.go:393.57,395.4 1 0
septica-backend/internal/tournament/game_integration.go:396.8,396.23 1 0
septica-backend/internal/tournament/game_integration.go:396.23,398.3 1 0
septica-backend/internal/tournament/game_integration.go:398.8,400.37 1 0
septica-backend/internal/tournament/game_integration.go:400.37,402.4 1 0
septica-backend/internal/tournament/game_integration.go:402.9,402.44 1 0
septica-backend/internal/tournament/game_integration.go:402.44,404.4 1 0
septica-backend/internal/tournament/game_integration.go:405.3,405.55 1 0
septica-backend/internal/tournament/game_integration.go:405.55,407.4 1 0
septica-backend/internal/tournament/game_integration.go:410.2,410.12 1 0
septica-backend/internal/tournament/game_integration.go:413.95,415.44 1 0
septica-backend/internal/tournament/game_integration.go:415.44,417.3 1 0
septica-backend/internal/tournament/game_integration.go:419.2,419.12 1 0
septica-backend/internal/tournament/game_integration.go:422.102,425.23 2 0
septica-backend/internal/tournament/game_integration.go:425.23,427.3 1 0
septica-backend/internal/tournament/game_integration.go:429.2,433.16 3 0
septica-backend/internal/tournament/game_integration.go:433.16,435.3 1 0
septica-backend/internal/tournament/game_integration.go:437.2,437.25 1 0
septica-backend/internal/tournament/game_integration.go:437.25,439.3 1 0
septica-backend/internal/tournament/game_integration.go:442.2,442.44 1 0
septica-backend/internal/tournament/game_integration.go:442.44,445.3 1 0
septica-backend/internal/tournament/game_integration.go:448.2,452.87 4 0
septica-backend/internal/tournament/game_integration.go:452.87,454.3 1 0
septica-backend/internal/tournament/game_integration.go:456.2,456.50 1 0
septica-backend/internal/tournament/game_integration.go:456.50,458.3 1 0
septica-backend/internal/tournament/game_integration.go:460.2,464.12 2 0
septica-backend/internal/tournament/game_integration.go:467.120,472.50 4 0
septica-backend/internal/tournament/game_integration.go:472.50,474.3 1 0
septica-backend/internal/tournament/game_integration.go:477.2,477.70 1 0
septica-backend/internal/tournament/game_integration.go:477.70,479.3 1 0
septica-backend/internal/tournament/game_integration.go:481.2,485.12 2 0
septica-backend/internal/tournament/game_integration.go:488.104,494.16 3 0
septica-backend/internal/tournament/game_integration.go:494.16,496.3 1 0
septica-backend/internal/tournament/game_integration.go:499.2,499.43 1 0
septica-backend/internal/tournament/game_integration.go:499.43,502.53 3 0
septica-backend/internal/tournament/game_integration.go:502.53,504.4 1 0
septica-backend/internal/tournament/game_integration.go:507.2,508.27 2 0
septica-backend/internal/tournament/game_integration.go:508.27,510.3 1 0
septica-backend/internal/tournament/game_integration.go:512.2,512.56 1 0
septica-backend/internal/tournament/game_integration.go:515.118,521.16 3 0
septica-backend/internal/tournament/game_integration.go:521.16,523.3 1 0
septica-backend/internal/tournament/game_integration.go:526.2,529.43 3 0
septica-backend/internal/tournament/game_integration.go:529.43,532.43 2 0
septica-backend/internal/tournament/game_integration.go:533.21,534.35 1 0
septica-backend/internal/tournament/game_integration.go:534.35,537.5 2 0
septica-backend/internal/tournament/game_integration.go:537.10,537.42 1 0
septica-backend/internal/tournament/game_integration.go:537.42,540.5 2 0
septica-backend/internal/tournament/game_integration.go:540.10,540.42 1 0
septica-backend/internal/tournament/game_integration.go:540.42,543.5 2 0
septica-backend/internal/tournament/game_integration.go:545.27,546.35 1 0
septica-backend/internal/tournament/game_integration.go:546.35,549.5 2 0
septica-backend/internal/tournament/game_integration.go:551.16,554.35 1 0
septica-backend/internal/tournament/game_integration.go:554.35,557.5 2 0
septica-backend/internal/tournament/game_integration.go:557.10,557.42 1 0
septica-backend/internal/tournament/game_integration.go:557.42,560.5 2 0
septica-backend/internal/tournament/game_integration.go:564.3,564.38 1 0
septica-backend/internal/tournament/game_integration.go:564.38,570.72 4 0
septica-backend/internal/tournament/game_integration.go:570.72,572.13 2 0
septica-backend/internal/tournament/game_integration.go:575.4,578.49 3 0
septica-backend/internal/tournament/game_integration.go:578.49,580.13 2 0
septica-backend/internal/tournament/game_integration.go:583.4,583.54 1 0
septica-backend/internal/tournament/game_integration.go:583.54,585.13 2 0
septica-backend/internal/tournament/game_integration.go:588.4,592.23 1 0
septica-backend/internal/tournament/game_integration.go:596.2,596.12 1 0
septica-backend/internal/tournament/service.go:23.62,28.2 1 0
septica-backend/internal/tournament/service.go:58.117,60.63 1 0
septica-backend/internal/tournament/service.go:60.63,62.3 1 0
septica-backend/internal/tournament/service.go:65.2,66.19 2 0
septica-backend/internal/tournament/service.go:66.19,68.3 1 0
septica-backend/internal/tournament/service.go:71.2,100.56 2 0
septica-backend/internal/tournament/service.go:100.56,102.3 1 0
septica-backend/internal/tournament/service.go:104.2,104.71 1 0
septica-backend/internal/tournament/service.go:104.71,106.3 1 0
septica-backend/internal/tournament/service.go:108.2,115.24 2 0
septica-backend/internal/tournament/service.go:119.114,121.15 2 0
septica-backend/internal/tournament/service.go:121.15,122.31 1 0
septica-backend/internal/tournament/service.go:122.31,124.4 1 0
septica-backend/internal/tournament/service.go:128.2,129.66 2 0
septica-backend/internal/tournament/service.go:129.66,132.3 2 0
septica-backend/internal/tournament/service.go:135.2,135.84 1 0
septica-backend/internal/tournament/service.go:135.84,138.3 2 0
septica-backend/internal/tournament/service.go:141.2,142.58 2 0
septica-backend/internal/tournament/service.go:142.58,145.3 2 0
septica-backend/internal/tournament/service.go:148.2,148.86 1 0
septica-backend/internal/tournament/service.go:148.86,151.3 2 0
septica-backend/internal/tournament/service.go:152.2,152.84 1 0
septica-backend/internal/tournament/service.go:152.84,155.3 2 0
septica-backend/internal/tournament/service.go:158.2,160.16 3 0
septica-backend/internal/tournament/service.go:160.16,163.3 2 0
septica-backend/internal/tournament/service.go:163.8,163.42 1 0
septica-backend/internal/tournament/service.go:163.42,166.3 2 0
septica-backend/internal/tournament/service.go:169.2,169.77 1 0
septica-backend/internal/tournament/service.go:169.77,172.3 2 0
septica-backend/internal/tournament/service.go:173.2,173.74 1 0
septica-backend/internal/tournament/service.go:173.74,176.3 2 0
septica-backend/internal/tournament/service.go:179.2,179.65 1 0
septica-backend/internal/tournament/service.go:179.65,182.48 3 0
septica-backend/internal/tournament/service.go:182.48,185.4 2 0
septica-backend/internal/tournament/service.go:188.3,190.52 3 0
septica-backend/internal/tournament/service.go:190.52,193.4 2 0
septica-backend/internal/tournament/service.go:197.2,203.53 2 0
septica-backend/internal/tournament/service.go:203.53,206.3 2 0
septica-backend/internal/tournament/service.go:208.2,208.42 1 0
septica-backend/internal/tournament/service.go:208.42,210.3 1 0
septica-backend/internal/tournament/service.go:212.2,218.12 2 0
septica-backend/internal/tournament/service.go:222.86,224.15 2 0
septica-backend/internal/tournament/service.go:224.15,225.31 1 0
septica-backend/internal/tournament/service.go:225.31,227.4 1 0
septica-backend/internal/tournament/service.go:231.2,232.90 2 0
septica-backend/internal/tournament/service.go:232.90,235.3 2 0
septica-backend/internal/tournament/service.go:238.2,238.41 1 0
septica-backend/internal/tournament/service.go:238.41,241.3 2 0
septica-backend/internal/tournament/service.go:243.2,244.51 2 0
septica-backend/internal/tournament/service.go:244.51,247.3 2 0
septica-backend/internal/tournament/service.go:250.2,250.59 1 0
septica-backend/internal/tournament/service.go:250.59,253.3 2 0
septica-backend/internal/tournament/service.go:256.2,256.60 1 0
septica-backend/internal/tournament/service.go:256.60,259.3 2 0
septica-backend/internal/tournament/service.go:262.2,265.51 4 0
septica-backend/internal/tournament/service.go:265.51,268.3 2 0
septica-backend/internal/tournament/service.go:270.2,270.42 1 0
septica-backend/internal/tournament/service.go:270.42,272.3 1 0
septica-backend/internal/tournament/service.go:274.2,280.12 2 0
septica-backend/internal/tournament/service.go:284.129,287.20 2 0
septica-backend/internal/tournament/service.go:287.20,293.3 1 0
septica-backend/internal/tournament/service.go:295.2,296.69 2 0
septica-backend/internal/tournament/service.go:296.69,298.3 1 0
septica-backend/internal/tournament/service.go:300.2,300.25 1 0
septica-backend/internal/tournament/service.go:304.113,308.25 2 0
septica-backend/internal/tournament/service.go:308.25,310.3 1 0
septica-backend/internal/tournament/service.go:311.2,311.23 1 0
septica-backend/internal/tournament/service.go:311.23,313.3 1 0
septica-backend/internal/tournament/service.go:314.2,314.28 1 0
septica-backend/internal/tournament/service.go:314.28,316.3 1 0
septica-backend/internal/tournament/service.go:317.2,317.26 1 0
septica-backend/internal/tournament/service.go:317.26,319.3 1 0
septica-backend/internal/tournament/service.go:320.2,320.26 1 0
septica-backend/internal/tournament/service.go:320.26,322.3 1 0
septica-backend/internal/tournament/service.go:323.2,323.28 1 0
septica-backend/internal/tournament/service.go:323.28,325.3 1 0
septica-backend/internal/tournament/service.go:326.2,326.25 1 0
septica-backend/internal/tournament/service.go:326.25,332.3 1 0
septica-backend/internal/tournament/service.go:335.2,335.24 1 0
septica-backend/internal/tournament/service.go:336.20,337.41 1 0
septica-backend/internal/tournament/service.go:338.26,339.46 1 0
septica-backend/internal/tournament/service.go:340.20,341.67 1 0
septica-backend/internal/tournament/service.go:342.10,343.63 1 0
septica-backend/internal/tournament/service.go:347.2,347.22 1 0
septica-backend/internal/tournament/service.go:347.22,349.3 1 0
septica-backend/internal/tournament/service.go:350.2,350.23 1 0
septica-backend/internal/tournament/service.go:350.23,352.3 1 0
septica-backend/internal/tournament/service.go:354.2,355.55 2 0
septica-backend/internal/tournament/service.go:355.55,357.3 1 0
septica-backend/internal/tournament/service.go:359.2,359.25 1 0
septica-backend/internal/tournament/service.go:364.87,366.55 1 0
septica-backend/internal/tournament/service.go:366.55,368.3 1 0
septica-backend/internal/tournament/service.go:369.2,369.53 1 0
septica-backend/internal/tournament/service.go:369.53,371.3 1 0
septica-backend/internal/tournament/service.go:374.2,374.47 1 0
septica-backend/internal/tournament/service.go:374.47,376.3 1 0
septica-backend/internal/tournament/service.go:379.2,379.47 1 0
septica-backend/internal/tournament/service.go:379.47,381.18 2 0
septica-backend/internal/tournament/service.go:381.18,383.4 1 0
septica-backend/internal/tournament/service.go:387.2,387.32 1 0
septica-backend/internal/tournament/service.go:387.32,388.27 1 0
septica-backend/internal/tournament/service.go:388.27,390.4 1 0
septica-backend/internal/tournament/service.go:391.3,391.32 1 0
septica-backend/internal/tournament/service.go:391.32,393.4 1 0
septica-backend/internal/tournament/service.go:397.2,397.59 1 0
septica-backend/internal/tournament/service.go:397.59,398.52 1 0
septica-backend/internal/tournament/service.go:398.52,400.4 1 0
septica-backend/internal/tournament/service.go:403.2,403.12 1 0
septica-backend/internal/tournament/service.go:406.120,408.41 1 0
septica-backend/internal/tournament/service.go:408.41,410.3 1 0
septica-backend/internal/tournament/service.go:413.2,414.46 2 0
septica-backend/internal/tournament/service.go:414.46,416.3 1 0
septica-backend/internal/tournament/service.go:417.2,417.43 1 0
septica-backend/internal/tournament/service.go:417.43,419.3 1 0
septica-backend/internal/tournament/service.go:422.2,422.26 1 0
septica-backend/internal/tournament/service.go:422.26,423.23 1 0
septica-backend/internal/tournament/service.go:423.23,425.4 1 0
septica-backend/internal/tournament/service.go:426.3,426.42 1 0
septica-backend/internal/tournament/service.go:426.42,428.4 1 0
septica-backend/internal/tournament/service.go:432.2,435.46 2 0
septica-backend/internal/tournament/service.go:435.46,437.3 1 0
septica-backend/internal/tournament/service.go:439.2,439.57 1 0
septica-backend/internal/tournament/service.go:439.57,441.3 1 0
septica-backend/internal/tournament/service.go:443.2,443.12 1 0
septica-backend/internal/tournament/service.go:446.47,451.19 4 0
septica-backend/internal/tournament/service.go:451.19,453.3 1 0
septica-backend/internal/tournament/service.go:454.2,454.18 1 0
septica-backend/internal/tournament/service.go:457.72,459.26 1 0
septica-backend/internal/tournament/service.go:459.26,461.3 1 0
septica-backend/internal/tournament/service.go:462.2,462.26 1 0
septica-backend/internal/tournament/service.go:462.26,464.3 1 0
septica-backend/internal/tournament/service.go:465.2,465.27 1 0
septica-backend/internal/tournament/service.go:465.27,467.3 1 0
septica-backend/internal/tournament/service.go:468.2,468.27 1 0
septica-backend/internal/tournament/service.go:468.27,470.3 1 0
septica-backend/internal/tournament/service.go:471.2,471.27 1 0
septica-backend/internal/tournament/service.go:471.27,473.3 1 0
septica-backend/internal/tournament/service.go:474.2,474.10 1 0
septica-backend/internal/tournament/service.go:477.87,482.41 2 0
septica-backend/internal/tournament/service.go:482.41,484.3 1 0
septica-backend/internal/tournament/service.go:487.2,487.43 1 0
septica-backend/internal/tournament/service.go:487.43,488.46 1 0
septica-backend/internal/tournament/service.go:488.46,489.69 1 0
septica-backend/internal/tournament/service.go:489.69,491.5 1 0
septica-backend/internal/tournament/service.go:496.2,496.43 1 0
septica-backend/internal/tournament/service.go:496.43,498.53 2 0
septica-backend/internal/tournament/service.go:498.53,500.4 1 0
septica-backend/internal/tournament/service.go:503.2,503.12 1 0
septica-backend/internal/tournament/service.go:506.88,507.25 1 0
septica-backend/internal/tournament/service.go:508.28,509.61 1 0
septica-backend/internal/tournament/service.go:510.28,511.61 1 0
septica-backend/internal/tournament/service.go:512.22,513.58 1 0
septica-backend/internal/tournament/service.go:514.21,515.54 1 0
septica-backend/internal/tournament/service.go:516.10,517.72 1 0
septica-backend/pkg/logger/logger.go:27.35,30.2 2 0
septica-backend/pkg/logger/logger.go:33.46,34.18 1 0
septica-backend/pkg/logger/logger.go:35.15,36.15 1 0
septica-backend/pkg/logger/logger.go:37.14,38.14 1 0
septica-backend/pkg/logger/logger.go:39.25,40.14 1 0
septica-backend/pkg/logger/logger.go:41.15,42.15 1 0
septica-backend/pkg/logger/logger.go:43.15,44.15 1 0
septica-backend/pkg/logger/logger.go:45.10,46.14 1 0
septica-backend/pkg/logger/logger.go:51.57,52.22 1 0
septica-backend/pkg/logger/logger.go:52.22,54.3 1 0
septica-backend/pkg/logger/logger.go:58.56,59.21 1 0
septica-backend/pkg/logger/logger.go:59.21,61.3 1 0
septica-backend/pkg/logger/logger.go:65.56,66.21 1 0
septica-backend/pkg/logger/logger.go:66.21,68.3 1 0
septica-backend/pkg/logger/logger.go:72.57,73.22 1 0
septica-backend/pkg/logger/logger.go:73.22,75.3 1 0
septica-backend/pkg/logger/logger.go:79.57,82.2 2 0
septica-backend/pkg/logger/logger.go:85.62,90.36 2 0
septica-backend/pkg/logger/logger.go:90.36,91.22 1 0
septica-backend/pkg/logger/logger.go:91.22,93.4 1 0
septica-backend/pkg/logger/logger.go:96.2,96.21 1 0
septica-backend/pkg/logger/logger.go:100.40,101.25 1 0
septica-backend/pkg/logger/logger.go:102.14,103.13 1 0
septica-backend/pkg/logger/logger.go:104.13,105.21 1 0
septica-backend/pkg/logger/logger.go:106.10,107.32 1 0
septica-backend/pkg/logger/logger.go:112.68,116.2 1 0
septica-backend/pkg/config/config.go:44.21,80.2 1 0
septica-backend/pkg/config/config.go:84.46,85.42 1 0
septica-backend/pkg/config/config.go:85.42,87.3 1 0
septica-backend/pkg/config/config.go:88.2,88.21 1 0
septica-backend/pkg/config/config.go:91.50,92.42 1 0
septica-backend/pkg/config/config.go:92.42,93.55 1 0
septica-backend/pkg/config/config.go:93.55,95.4 1 0
septica-backend/pkg/config/config.go:97.2,97.21 1 0
septica-backend/pkg/config/config.go:100.56,101.42 1 0
septica-backend/pkg/config/config.go:101.42,102.67 1 0
septica-backend/pkg/config/config.go:102.67,104.4 1 0
septica-backend/pkg/config/config.go:106.2,106.21 1 0
septica-backend/pkg/config/config.go:109.75,110.42 1 0
septica-backend/pkg/config/config.go:110.42,111.61 1 0
septica-backend/pkg/config/config.go:111.61,113.4 1 0
septica-backend/pkg/config/config.go:115.2,115.21 1 0
septica-backend/internal/database/database.go:17.78,21.29 1 0
septica-backend/internal/database/database.go:21.29,23.4 1 0
septica-backend/internal/database/database.go:27.2,28.16 2 0
septica-backend/internal/database/database.go:28.16,30.3 1 0
septica-backend/internal/database/database.go:33.2,34.16 2 0
septica-backend/internal/database/database.go:34.16,36.3 1 0
septica-backend/internal/database/database.go:39.2,44.37 4 0
septica-backend/internal/database/database.go:44.37,46.3 1 0
septica-backend/internal/database/database.go:48.2,48.16 1 0
septica-backend/internal/database/database.go:52.33,80.31 2 9
septica-backend/internal/database/database.go:80.31,81.47 1 117
septica-backend/internal/database/database.go:81.47,83.4 1 0
septica-backend/internal/database/database.go:86.2,86.12 1 9
septica-backend/internal/database/database.go:90.32,92.16 2 0
septica-backend/internal/database/database.go:92.16,94.3 1 0
septica-backend/internal/database/database.go:95.2,95.21 1 0
septica-backend/internal/database/database.go:99.31,101.16 2 0
septica-backend/internal/database/database.go:101.16,103.3 1 0
septica-backend/internal/database/database.go:104.2,104.22 1 0
septica-backend/internal/database/database.go:113.41,115.2 1 9
septica-backend/internal/database/database.go:118.70,121.16 3 2
septica-backend/internal/database/database.go:121.16,123.3 1 1
septica-backend/internal/database/database.go:124.2,124.19 1 1
septica-backend/internal/database/database.go:128.103,132.16 3 17
septica-backend/internal/database/database.go:132.16,134.3 1 3
septica-backend/internal/database/database.go:135.2,135.45 1 14
septica-backend/internal/database/database.go:135.45,137.3 1 8
septica-backend/internal/database/database.go:140.2,149.16 3 6
septica-backend/internal/database/database.go:149.16,151.3 1 2
septica-backend/internal/database/database.go:152.2,152.19 1 4
septica-backend/internal/database/models.go:387.56,388.25 1 20
septica-backend/internal/database/models.go:388.25,390.3 1 11
septica-backend/internal/database/models.go:391.2,391.12 1 20
septica-backend/internal/handlers/auth.go:22.97,28.2 1 0
septica-backend/internal/handlers/auth.go:45.48,48.47 2 0
septica-backend/internal/handlers/auth.go:48.47,55.3 3 0
septica-backend/internal/handlers/auth.go:58.2,59.16 2 0
septica-backend/internal/handlers/auth.go:59.16,60.39 1 0
septica-backend/internal/handlers/auth.go:60.39,66.4 3 0
septica-backend/internal/handlers/auth.go:68.3,72.9 3 0
septica-backend/internal/handlers/auth.go:76.2,77.16 2 0
septica-backend/internal/handlers/auth.go:77.16,83.3 3 0
septica-backend/internal/handlers/auth.go:85.2,95.4 2 0
septica-backend/internal/handlers/auth.go:100.45,103.47 2 0
septica-backend/internal/handlers/auth.go:103.47,110.3 3 0
septica-backend/internal/handlers/auth.go:113.2,114.16 2 0
septica-backend/internal/handlers/auth.go:114.16,115.40 1 0
septica-backend/internal/handlers/auth.go:115.40,121.4 3 0
septica-backend/internal/handlers/auth.go:123.3,127.9 3 0
septica-backend/internal/handlers/auth.go:131.2,132.16 2 0
septica-backend/internal/handlers/auth.go:132.16,138.3 3 0
septica-backend/internal/handlers/auth.go:140.2,150.4 2 0
septica-backend/internal/handlers/auth.go:155.52,158.13 2 0
septica-backend/internal/handlers/auth.go:158.13,163.3 2 0
septica-backend/internal/handlers/auth.go:165.2,169.16 3 0
septica-backend/internal/handlers/auth.go:169.16,175.3 3 0
septica-backend/internal/handlers/auth.go:177.2,182.4 2 0
septica-backend/internal/handlers/auth.go:187.45,190.13 2 0
septica-backend/internal/handlers/auth.go:190.13,195.3 2 0
septica-backend/internal/handlers/auth.go:198.2,199.16 2 0
septica-backend/internal/handlers/auth.go:199.16,205.3 3 0
septica-backend/internal/handlers/auth.go:207.2,216.4 1 0
septica-backend/internal/handlers/auth.go:223.46,225.13 2 0
septica-backend/internal/handlers/auth.go:225.13,230.3 2 0
septica-backend/internal/handlers/auth.go:232.2,238.4 3 0
septica-backend/internal/handlers/auth.go:242.113,252.2 6 0
septica-backend/internal/handlers/auth.go:252.2,256.3 3 0
septica-backend/internal/handlers/health.go:33.18,42.2 1 6
septica-backend/internal/handlers/health.go:46.47,52.2 1 1
septica-backend/internal/handlers/health.go:57.51,64.17 5 2
septica-backend/internal/handlers/health.go:64.17,67.3 2 1
septica-backend/internal/handlers/health.go:67.8,69.17 2 1
septica-backend/internal/handlers/health.go:69.17,72.4 2 0
septica-backend/internal/handlers/health.go:72.9,74.39 2 1
septica-backend/internal/handlers/health.go:74.39,77.5 2 0
septica-backend/internal/handlers/health.go:77.10,79.5 1 1
septica-backend/internal/handlers/health.go:82.2,89.33 3 2
septica-backend/internal/handlers/health.go:89.33,92.3 2 1
septica-backend/internal/handlers/health.go:93.2,99.24 3 2
septica-backend/internal/handlers/health.go:99.24,102.3 2 1
septica-backend/internal/handlers/health.go:103.2,109.18 3 2
septica-backend/internal/handlers/health.go:109.18,112.3 2 1
septica-backend/internal/handlers/health.go:113.2,119.14 4 2
septica-backend/internal/handlers/health.go:119.14,122.3 2 1
septica-backend/internal/handlers/health.go:124.2,128.4 1 2
septica-backend/internal/handlers/health.go:133.50,139.17 4 1
septica-backend/internal/handlers/health.go:139.17,141.3 1 0
septica-backend/internal/handlers/health.go:141.8,143.17 2 1
septica-backend/internal/handlers/health.go:143.17,145.4 1 0
septica-backend/internal/handlers/health.go:145.9,147.39 2 1
septica-backend/internal/handlers/health.go:147.39,149.5 1 0
septica-backend/internal/handlers/health.go:149.10,151.5 1 1
septica-backend/internal/handlers/health.go:154.2,163.24 5 1
septica-backend/internal/handlers/health.go:163.24,166.20 3 1
septica-backend/internal/handlers/health.go:166.20,169.4 2 1
septica-backend/internal/handlers/health.go:171.2,181.33 4 1
septica-backend/internal/handlers/health.go:181.33,183.19 2 1
septica-backend/internal/handlers/health.go:183.19,185.53 2 1
septica-backend/internal/handlers/health.go:185.53,187.5 1 1
septica-backend/internal/handlers/health.go:190.2,199.18 4 1
septica-backend/internal/handlers/health.go:199.18,202.3 2 1
septica-backend/internal/handlers/health.go:203.2,215.4 2 1
septica-backend/internal/handlers/health.go:220.50,221.24 1 1
septica-backend/internal/handlers/health.go:221.24,227.3 2 0
septica-backend/internal/handlers/health.go:229.2,243.42 4 1
septica-backend/internal/handlers/health.go:243.42,245.3 1 1
septica-backend/internal/handlers/health.go:247.2,247.33 1 1
septica-backend/internal/handlers/health.go:252.59,253.33 1 1
septica-backend/internal/handlers/health.go:253.33,259.3 2 0
septica-backend/internal/handlers/health.go:262.2,274.33 4 1
septica-backend/internal/handlers/health.go:279.57,280.18 1 1
septica-backend/internal/handlers/health.go:280.18,286.3 2 0
septica-backend/internal/handlers/health.go:288.2,298.33 4 1
septica-backend/internal/handlers/matchmaking.go:20.112,25.2 1 0
septica-backend/internal/handlers/matchmaking.go:28.62,35.51 2 0
septica-backend/internal/handlers/matchmaking.go:35.51,42.3 2 0
septica-backend/internal/handlers/matchmaking.go:44.2,45.16 2 0
septica-backend/internal/handlers/matchmaking.go:45.16,51.3 2 0
septica-backend/internal/handlers/matchmaking.go:53.2,53.28 1 0
septica-backend/internal/handlers/matchmaking.go:53.28,55.3 1 0
septica-backend/internal/handlers/matchmaking.go:58.2,63.41 2 0
septica-backend/internal/handlers/matchmaking.go:63.41,69.3 2 0
septica-backend/internal/handlers/matchmaking.go:72.2,72.102 1 0
septica-backend/internal/handlers/matchmaking.go:72.102,76.14 3 0
septica-backend/internal/handlers/matchmaking.go:77.44,79.34 2 0
septica-backend/internal/handlers/matchmaking.go:80.38,82.34 2 0
septica-backend/internal/handlers/matchmaking.go:83.40,85.36 2 0
septica-backend/internal/handlers/matchmaking.go:88.3,92.9 2 0
septica-backend/internal/handlers/matchmaking.go:95.2,106.4 2 0
septica-backend/internal/handlers/matchmaking.go:110.63,115.51 2 0
septica-backend/internal/handlers/matchmaking.go:115.51,122.3 2 0
septica-backend/internal/handlers/matchmaking.go:124.2,125.16 2 0
septica-backend/internal/handlers/matchmaking.go:125.16,131.3 2 0
septica-backend/internal/handlers/matchmaking.go:134.2,134.66 1 0
septica-backend/internal/handlers/matchmaking.go:134.66,138.14 3 0
septica-backend/internal/handlers/matchmaking.go:139.40,141.30 2 0
septica-backend/internal/handlers/matchmaking.go:144.3,148.9 2 0
septica-backend/internal/handlers/matchmaking.go:151.2,157.4 2 0
septica-backend/internal/handlers/matchmaking.go:161.67,164.16 3 0
septica-backend/internal/handlers/matchmaking.go:164.16,170.3 2 0
septica-backend/internal/handlers/matchmaking.go:173.2,174.16 2 0
septica-backend/internal/handlers/matchmaking.go:174.16,180.3 2 0
septica-backend/internal/handlers/matchmaking.go:182.2,183.31 2 0
septica-backend/internal/handlers/matchmaking.go:187.66,190.2 2 0
septica-backend/internal/handlers/matchmaking.go:193.121,201.2 5 0
septica-backend/internal/handlers/tournament.go:27.84,34.2 1 0
septica-backend/internal/handlers/tournament.go:38.63,40.47 2 0
septica-backend/internal/handlers/tournament.go:40.47,47.3 3 0
septica-backend/internal/handlers/tournament.go:50.2,51.16 2 0
septica-backend/internal/handlers/tournament.go:51.16,56.3 2 0
septica-backend/internal/handlers/tournament.go:57.2,61.16 3 0
septica-backend/internal/handlers/tournament.go:61.16,68.3 3 0
septica-backend/internal/handlers/tournament.go:70.2,78.4 2 0
septica-backend/internal/handlers/tournament.go:83.60,85.16 2 0
septica-backend/internal/handlers/tournament.go:85.16,90.3 2 0
septica-backend/internal/handlers/tournament.go:93.2,96.16 3 0
septica-backend/internal/handlers/tournament.go:96.16,97.36 1 0
septica-backend/internal/handlers/tournament.go:97.36,102.4 2 0
septica-backend/internal/handlers/tournament.go:104.3,108.9 3 0
septica-backend/internal/handlers/tournament.go:111.2,113.4 1 0
septica-backend/internal/handlers/tournament.go:118.62,122.47 2 0
septica-backend/internal/handlers/tournament.go:122.47,124.3 1 0
septica-backend/internal/handlers/tournament.go:125.2,125.61 1 0
septica-backend/internal/handlers/tournament.go:125.61,127.3 1 0
septica-backend/internal/handlers/tournament.go:128.2,128.47 1 0
septica-backend/internal/handlers/tournament.go:128.47,131.3 2 0
septica-backend/internal/handlers/tournament.go:132.2,132.57 1 0
septica-backend/internal/handlers/tournament.go:132.57,133.57 1 0
septica-backend/internal/handlers/tournament.go:133.57,135.4 1 0
septica-backend/internal/handlers/tournament.go:137.2,137.57 1 0
septica-backend/internal/handlers/tournament.go:137.57,138.57 1 0
septica-backend/internal/handlers/tournament.go:138.57,140.4 1 0
septica-backend/internal/handlers/tournament.go:143.2,148.44 4 0
septica-backend/internal/handlers/tournament.go:148.44,149.57 1 0
septica-backend/internal/handlers/tournament.go:149.57,151.4 1 0
septica-backend/internal/handlers/tournament.go:153.2,153.47 1 0
septica-backend/internal/handlers/tournament.go:153.47,154.59 1 0
septica-backend/internal/handlers/tournament.go:154.59,156.4 1 0
septica-backend/internal/handlers/tournament.go:159.2,160.16 2 0
septica-backend/internal/handlers/tournament.go:160.16,166.3 3 0
septica-backend/internal/handlers/tournament.go:168.2,172.4 1 0
septica-backend/internal/handlers/tournament.go:177.61,179.16 2 0
septica-backend/internal/handlers/tournament.go:179.16,184.3 2 0
septica-backend/internal/handlers/tournament.go:186.2,187.16 2 0
septica-backend/internal/handlers/tournament.go:187.16,192.3 2 0
septica-backend/internal/handlers/tournament.go:195.2,198.47 2 0
septica-backend/internal/handlers/tournament.go:198.47,201.3 1 0
septica-backend/internal/handlers/tournament.go:204.2,204.120 1 0
septica-backend/internal/handlers/tournament.go:204.120,212.44 3 0
septica-backend/internal/handlers/tournament.go:212.44,214.4 1 0
septica-backend/internal/handlers/tournament.go:214.9,216.54 1 0
septica-backend/internal/handlers/tournament.go:216.54,218.4 1 0
septica-backend/internal/handlers/tournament.go:218.9,218.50 1 0
septica-backend/internal/handlers/tournament.go:218.50,220.4 1 0
septica-backend/internal/handlers/tournament.go:222.3,225.9 2 0
septica-backend/internal/handlers/tournament.go:228.2,234.4 2 0
septica-backend/internal/handlers/tournament.go:239.62,241.16 2 0
septica-backend/internal/handlers/tournament.go:241.16,246.3 2 0
septica-backend/internal/handlers/tournament.go:249.2,250.13 2 0
septica-backend/internal/handlers/tournament.go:250.13,255.3 2 0
septica-backend/internal/handlers/tournament.go:258.2,259.84 2 0
septica-backend/internal/handlers/tournament.go:259.84,260.36 1 0
septica-backend/internal/handlers/tournament.go:260.36,265.4 2 0
septica-backend/internal/handlers/tournament.go:266.3,270.9 3 0
septica-backend/internal/handlers/tournament.go:274.2,275.61 2 0
septica-backend/internal/handlers/tournament.go:275.61,284.3 3 0
septica-backend/internal/handlers/tournament.go:286.2,286.95 1 0
septica-backend/internal/handlers/tournament.go:286.95,290.44 3 0
septica-backend/internal/handlers/tournament.go:290.44,292.4 1 0
septica-backend/internal/handlers/tournament.go:292.9,293.45 1 0
septica-backend/internal/handlers/tournament.go:293.45,295.4 1 0
septica-backend/internal/handlers/tournament.go:297.3,300.9 2 0
septica-backend/internal/handlers/tournament.go:303.2,307.4 2 0
septica-backend/internal/handlers/tournament.go:312.67,314.16 2 0
septica-backend/internal/handlers/tournament.go:314.16,319.3 2 0
septica-backend/internal/handlers/tournament.go:322.2,323.16 2 0
septica-backend/internal/handlers/tournament.go:323.16,324.36 1 0
septica-backend/internal/handlers/tournament.go:324.36,329.4 2 0
septica-backend/internal/handlers/tournament.go:331.3,335.9 3 0
septica-backend/internal/handlers/tournament.go:339.2,346.4 2 0
septica-backend/internal/handlers/tournament.go:351.61,354.36 2 0
septica-backend/internal/handlers/tournament.go:354.36,355.80 1 0
septica-backend/internal/handlers/tournament.go:355.80,357.4 1 0
septica-backend/internal/handlers/tournament.go:360.2,363.16 3 0
septica-backend/internal/handlers/tournament.go:363.16,369.3 3 0
septica-backend/internal/handlers/tournament.go:371.2,376.4 1 0
septica-backend/internal/handlers/tournament.go:381.69,383.16 2 0
septica-backend/internal/handlers/tournament.go:383.16,388.3 2 0
septica-backend/internal/handlers/tournament.go:390.2,391.36 2 0
septica-backend/internal/handlers/tournament.go:391.36,392.80 1 0
septica-backend/internal/handlers/tournament.go:392.80,394.4 1 0
septica-backend/internal/handlers/tournament.go:397.2,398.16 2 0
septica-backend/internal/handlers/tournament.go:398.16,404.3 3 0
septica-backend/internal/handlers/tournament.go:406.2,410.4 1 0
septica-backend/internal/handlers/tournament.go:415.68,417.16 2 0
septica-backend/internal/handlers/tournament.go:417.16,423.3 3 0
septica-backend/internal/handlers/tournament.go:425.2,428.4 1 0
septica-backend/internal/handlers/tournament.go:433.93,434.25 1 0
septica-backend/internal/handlers/tournament.go:435.28,436.63 1 0
septica-backend/internal/handlers/tournament.go:437.28,438.63 1 0
septica-backend/internal/handlers/tournament.go:439.22,440.51 1 0
septica-backend/internal/handlers/tournament.go:441.21,442.56 1 0
septica-backend/internal/handlers/tournament.go:443.10,444.29 1 0
septica-backend/internal/handlers/tournament.go:448.123,452.35 3 0
septica-backend/internal/handlers/tournament.go:452.35,454.31 2 0
septica-backend/internal/handlers/tournament.go:454.31,456.4 1 0
septica-backend/internal/handlers/tournament.go:459.2,464.3 1 0
septica-backend/internal/handlers/tournament.go:467.123,471.35 3 0
septica-backend/internal/handlers/tournament.go:471.35,472.39 1 0
septica-backend/internal/handlers/tournament.go:472.39,474.4 1 0
septica-backend/internal/handlers/tournament.go:474.9,474.45 1 0
septica-backend/internal/handlers/tournament.go:474.45,476.4 1 0
septica-backend/internal/handlers/tournament.go:479.2,483.3 1 0
septica-backend/internal/handlers/tournament.go:486.111,490.35 3 0
septica-backend/internal/handlers/tournament.go:490.35,492.31 2 0
septica-backend/internal/handlers/tournament.go:492.31,494.4 1 0
septica-backend/internal/handlers/tournament.go:497.2,501.3 1 0
septica-backend/internal/handlers/tournament.go:504.116,508.35 3 0
septica-backend/internal/handlers/tournament.go:508.35,510.31 2 0
septica-backend/internal/handlers/tournament.go:510.31,512.4 1 0
septica-backend/internal/handlers/tournament.go:515.2,519.3 1 0
septica-backend/internal/handlers/tournament.go:523.92,538.2 10 0
septica-backend/internal/handlers/websocket.go:24.114,30.2 1 0
septica-backend/internal/handlers/websocket.go:35.67,38.17 2 0
septica-backend/internal/handlers/websocket.go:38.17,45.3 3 0
septica-backend/internal/handlers/websocket.go:48.2,49.16 2 0
septica-backend/internal/handlers/websocket.go:49.16,55.3 3 0
septica-backend/internal/handlers/websocket.go:57.2,62.21 4 0
septica-backend/internal/handlers/websocket.go:62.21,64.3 1 0
septica-backend/internal/handlers/websocket.go:66.2,73.47 2 0
septica-backend/internal/handlers/websocket.go:77.63,85.2 2 0
septica-backend/internal/handlers/websocket.go:88.58,95.2 2 0
septica-backend/internal/handlers/websocket.go:98.59,101.16 3 0
septica-backend/internal/handlers/websocket.go:101.16,106.3 2 0
septica-backend/internal/handlers/websocket.go:110.2,112.4 1 0
septica-backend/internal/handlers/websocket.go:116.63,119.16 3 0
septica-backend/internal/handlers/websocket.go:119.16,124.3 2 0
septica-backend/internal/handlers/websocket.go:128.2,133.4 1 0
septica-backend/internal/handlers/websocket.go:137.61,143.51 2 0
septica-backend/internal/handlers/websocket.go:143.51,148.3 2 0
septica-backend/internal/handlers/websocket.go:151.2,160.16 3 0
septica-backend/internal/handlers/websocket.go:160.16,165.3 2 0
septica-backend/internal/handlers/websocket.go:167.2,173.4 2 0
septica-backend/internal/handlers/websocket.go:177.60,180.16 3 0
septica-backend/internal/handlers/websocket.go:180.16,185.3 2 0
septica-backend/internal/handlers/websocket.go:187.2,192.51 2 0
septica-backend/internal/handlers/websocket.go:192.51,197.3 2 0
septica-backend/internal/handlers/websocket.go:200.2,212.4 2 0
septica-backend/internal/handlers/websocket.go:218.38,219.30 1 0
septica-backend/internal/handlers/websocket.go:219.30,229.42 3 0
septica-backend/internal/handlers/websocket.go:229.42,230.25 1 0
septica-backend/internal/handlers/websocket.go:230.25,232.10 2 0
septica-backend/internal/handlers/websocket.go:236.3,240.36 4 0
septica-backend/internal/handlers/websocket.go:240.36,243.4 2 0
septica-backend/internal/handlers/websocket.go:245.3,245.11 1 0
septica-backend/internal/handlers/websocket.go:250.43,251.30 1 0
septica-backend/internal/handlers/websocket.go:251.30,257.21 2 0
septica-backend/internal/handlers/websocket.go:257.22,259.4 0 0
septica-backend/internal/handlers/websocket.go:261.3,261.11 1 0
septica-backend/internal/handlers/websocket.go:266.120,286.2 11 0
septica-backend/internal/rating/elo.go:30.36,41.2 1 4
septica-backend/internal/rating/elo.go:90.57,91.19 1 4
septica-backend/internal/rating/elo.go:91.19,93.3 1 0
septica-backend/internal/rating/elo.go:94.2,96.3 1 4
septica-backend/internal/rating/elo.go:105.22,145.2 9 0
septica-backend/internal/rating/elo.go:153.44,160.16 3 0
septica-backend/internal/rating/elo.go:161.21,162.33 1 0
septica-backend/internal/rating/elo.go:163.22,164.32 1 0
septica-backend/internal/rating/elo.go:165.22,166.33 1 0
septica-backend/internal/rating/elo.go:170.2,177.33 5 0
septica-backend/internal/rating/elo.go:193.105,197.91 2 0
septica-backend/internal/rating/elo.go:197.91,199.3 1 0
septica-backend/internal/rating/elo.go:202.2,202.38 1 0
septica-backend/internal/rating/elo.go:202.38,204.3 1 0
septica-backend/internal/rating/elo.go:207.2,207.37 1 0
septica-backend/internal/rating/elo.go:207.37,209.3 1 0
septica-backend/internal/rating/elo.go:212.2,212.27 1 0
septica-backend/internal/rating/elo.go:212.27,214.3 1 0
septica-backend/internal/rating/elo.go:216.2,216.14 1 0
septica-backend/internal/rating/elo.go:220.93,222.2 1 0
septica-backend/internal/rating/elo.go:225.73,226.16 1 0
septica-backend/internal/rating/elo.go:227.21,228.13 1 0
septica-backend/internal/rating/elo.go:229.22,230.13 1 0
septica-backend/internal/rating/elo.go:231.22,232.13 1 0
septica-backend/internal/rating/elo.go:233.10,234.13 1 0
septica-backend/internal/rating/elo.go:239.112,243.24 2 0
septica-backend/internal/rating/elo.go:243.24,244.30 1 0
septica-backend/internal/rating/elo.go:244.30,246.4 1 0
septica-backend/internal/rating/elo.go:246.9,246.38 1 0
septica-backend/internal/rating/elo.go:246.38,248.4 1 0
septica-backend/internal/rating/elo.go:252.2,252.37 1 0
septica-backend/internal/rating/elo.go:252.37,253.30 1 0
septica-backend/internal/rating/elo.go:253.30,256.26 2 0
septica-backend/internal/rating/elo.go:256.26,258.5 1 0
septica-backend/internal/rating/elo.go:259.4,259.29 1 0
septica-backend/internal/rating/elo.go:263.2,263.19 1 0
septica-backend/internal/rating/elo.go:267.62,268.36 1 0
septica-backend/internal/rating/elo.go:268.36,270.3 1 0
septica-backend/internal/rating/elo.go:271.2,271.36 1 0
septica-backend/internal/rating/elo.go:271.36,273.3 1 0
septica-backend/internal/rating/elo.go:274.2,274.15 1 0
septica-backend/internal/rating/elo.go:278.52,280.2 1 0
septica-backend/internal/rating/elo.go:283.70,285.2 1 0
septica-backend/internal/rating/elo.go:288.102,290.2 1 0
septica-backend/internal/rating/elo.go:293.102,295.26 1 0
septica-backend/internal/rating/elo.go:295.26,297.3 1 0
septica-backend/internal/rating/elo.go:298.2,298.26 1 0
septica-backend/internal/rating/elo.go:298.26,300.3 1 0
septica-backend/internal/rating/elo.go:302.2,305.64 3 0
septica-backend/internal/rating/service.go:23.81,24.19 1 4
septica-backend/internal/rating/service.go:24.19,26.3 1 0
septica-backend/internal/rating/service.go:28.2,32.3 1 4
septica-backend/internal/rating/service.go:36.82,39.15 2 0
septica-backend/internal/rating/service.go:39.15,40.31 1 0
septica-backend/internal/rating/service.go:40.31,42.4 1 0
septica-backend/internal/rating/service.go:46.2,47.114 2 0
septica-backend/internal/rating/service.go:47.114,50.3 2 0
septica-backend/internal/rating/service.go:53.2,53.96 1 0
septica-backend/internal/rating/service.go:53.96,57.3 3 0
septica-backend/internal/rating/service.go:60.2,61.16 2 0
septica-backend/internal/rating/service.go:61.16,64.3 2 0
septica-backend/internal/rating/service.go:66.2,67.16 2 0
septica-backend/internal/rating/service.go:67.16,70.3 2 0
septica-backend/internal/rating/service.go:73.2,74.26 2 0
septica-backend/internal/rating/service.go:74.26,76.3 1 0
septica-backend/internal/rating/service.go:76.8,76.45 1 0
septica-backend/internal/rating/service.go:76.45,78.3 1 0
septica-backend/internal/rating/service.go:78.8,80.3 1 0
septica-backend/internal/rating/service.go:83.2,99.62 3 0
septica-backend/internal/rating/service.go:99.62,102.3 2 0
septica-backend/internal/rating/service.go:104.2,104.62 1 0
septica-backend/internal/rating/service.go:104.62,107.3 2 0
septica-backend/internal/rating/service.go:110.2,110.62 1 0
septica-backend/internal/rating/service.go:110.62,113.3 2 0
septica-backend/internal/rating/service.go:115.2,115.62 1 0
septica-backend/internal/rating/service.go:115.62,118.3 2 0
septica-backend/internal/rating/service.go:121.2,128.45 7 0
septica-backend/internal/rating/service.go:128.45,131.3 2 0
septica-backend/internal/rating/service.go:134.2,134.42 1 0
septica-backend/internal/rating/service.go:134.42,136.3 1 0
septica-backend/internal/rating/service.go:138.2,146.12 2 0
septica-backend/internal/rating/service.go:150.109,165.18 4 4
septica-backend/internal/rating/service.go:165.18,179.3 1 2
septica-backend/internal/rating/service.go:179.8,196.3 1 2
septica-backend/internal/rating/service.go:198.2,198.15 1 4
septica-backend/internal/rating/service.go:198.15,200.3 1 4
septica-backend/internal/rating/service.go:202.2,202.51 1 4
septica-backend/internal/rating/service.go:202.51,204.3 1 4
septica-backend/internal/rating/service.go:207.2,207.25 1 0
septica-backend/internal/rating/service.go:207.25,209.3 1 0
septica-backend/internal/rating/service.go:211.2,211.21 1 0
septica-backend/internal/rating/service.go:215.131,225.15 3 0
septica-backend/internal/rating/service.go:225.15,227.3 1 0
septica-backend/internal/rating/service.go:229.2,229.51 1 0
septica-backend/internal/rating/service.go:229.51,231.3 1 0
septica-backend/internal/rating/service.go:233.2,233.21 1 0
septica-backend/internal/rating/service.go:237.91,252.16 3 0
septica-backend/internal/rating/service.go:252.16,254.3 1 0
septica-backend/internal/rating/service.go:257.2,294.16 2 0
septica-backend/internal/rating/service.go:294.16,296.3 1 0
septica-backend/internal/rating/service.go:298.2,298.19 1 0
septica-backend/internal/rating/service.go:303.99,305.58 2 0
septica-backend/internal/rating/service.go:305.58,307.3 1 0
septica-backend/internal/rating/service.go:309.2,310.80 2 0
septica-backend/internal/rating/service.go:310.80,311.36 1 0
septica-backend/internal/rating/service.go:311.36,317.4 1 0
septica-backend/internal/rating/service.go:317.9,319.4 1 0
septica-backend/internal/rating/service.go:323.2,328.43 4 0
septica-backend/internal/rating/service.go:328.43,330.3 1 0
septica-backend/internal/rating/service.go:332.2,340.8 1 0
septica-backend/internal/rating/service.go:343.82,347.54 1 0
septica-backend/internal/rating/service.go:347.54,349.3 1 0
septica-backend/internal/rating/service.go:352.2,354.35 3 0
septica-backend/internal/rating/service.go:354.35,360.35 2 0
septica-backend/internal/rating/service.go:360.35,363.4 2 0
septica-backend/internal/rating/service.go:363.9,363.43 1 0
septica-backend/internal/rating/service.go:363.43,366.4 2 0
septica-backend/internal/rating/service.go:366.9,369.4 2 0
septica-backend/internal/rating/service.go:370.3,370.33 1 0
septica-backend/internal/rating/service.go:371.8,371.23 1 0
septica-backend/internal/rating/service.go:371.23,373.3 1 0
septica-backend/internal/rating/service.go:376.2,377.34 2 0
septica-backend/internal/rating/service.go:377.34,380.51 3 0
septica-backend/internal/rating/service.go:380.51,382.4 1 0
septica-backend/internal/rating/service.go:383.8,383.42 1 0
septica-backend/internal/rating/service.go:383.42,386.3 2 0
septica-backend/internal/rating/service.go:386.8,389.3 2 0
septica-backend/internal/rating/service.go:391.2,391.30 1 0
septica-backend/internal/rating/service.go:394.82,411.2 2 0
septica-backend/internal/rating/service.go:414.21,415.11 1 0
septica-backend/internal/rating/service.go:415.11,417.3 1 0
septica-backend/internal/rating/service.go:418.2,418.10 1 0
septica-backend/internal/websocket/client.go:38.42,42.3 1 0
septica-backend/internal/websocket/client.go:72.109,85.2 1 0
septica-backend/internal/websocket/client.go:92.29,93.15 1 0
septica-backend/internal/websocket/client.go:93.15,96.3 2 0
septica-backend/internal/websocket/client.go:98.2,100.43 3 0
septica-backend/internal/websocket/client.go:100.43,104.3 3 0
septica-backend/internal/websocket/client.go:106.2,106.6 1 0
septica-backend/internal/websocket/client.go:106.6,108.17 2 0
septica-backend/internal/websocket/client.go:108.17,109.103 1 0
septica-backend/internal/websocket/client.go:109.103,111.5 1 0
septica-backend/internal/websocket/client.go:112.4,112.9 1 0
septica-backend/internal/websocket/client.go:115.3,119.55 3 0
septica-backend/internal/websocket/client.go:119.55,122.12 3 0
septica-backend/internal/websocket/client.go:126.3,126.23 1 0
septica-backend/internal/websocket/client.go:135.30,137.15 2 0
septica-backend/internal/websocket/client.go:137.15,140.3 2 0
septica-backend/internal/websocket/client.go:142.2,142.6 1 0
septica-backend/internal/websocket/client.go:142.6,143.10 1 0
septica-backend/internal/websocket/client.go:144.32,146.11 2 0
septica-backend/internal/websocket/client.go:146.11,150.5 2 0
septica-backend/internal/websocket/client.go:153.4,154.18 2 0
septica-backend/internal/websocket/client.go:154.18,156.13 2 0
septica-backend/internal/websocket/client.go:159.4,160.18 2 0
septica-backend/internal/websocket/client.go:160.18,162.5 1 0
septica-backend/internal/websocket/client.go:163.4,167.27 3 0
septica-backend/internal/websocket/client.go:167.27,171.19 4 0
septica-backend/internal/websocket/client.go:171.19,173.6 1 0
septica-backend/internal/websocket/client.go:176.4,176.36 1 0
septica-backend/internal/websocket/client.go:176.36,178.5 1 0
septica-backend/internal/websocket/client.go:180.19,183.74 3 0
septica-backend/internal/websocket/client.go:183.74,185.5 1 0
septica-backend/internal/websocket/client.go:191.53,194.18 2 0
septica-backend/internal/websocket/client.go:195.14,196.15 1 0
septica-backend/internal/websocket/client.go:198.19,199.24 1 0
septica-backend/internal/websocket/client.go:199.24,202.4 2 0
septica-backend/internal/websocket/client.go:203.3,203.63 1 0
septica-backend/internal/websocket/client.go:203.63,205.4 1 0
septica-backend/internal/websocket/client.go:207.20,208.29 1 0
septica-backend/internal/websocket/client.go:208.29,211.4 2 0
septica-backend/internal/websocket/client.go:212.3,212.69 1 0
septica-backend/internal/websocket/client.go:212.69,214.4 1 0
septica-backend/internal/websocket/client.go:216.19,217.29 1 0
septica-backend/internal/websocket/client.go:217.29,220.4 2 0
septica-backend/internal/websocket/client.go:221.3,221.25 1 0
septica-backend/internal/websocket/client.go:221.25,224.4 2 0
septica-backend/internal/websocket/client.go:227.3,228.10 2 0
septica-backend/internal/websocket/client.go:228.10,231.4 2 0
[...]
septica-backend/internal/websocket/messages.go:314.29,323.2 1 0
septica-backend/internal/websocket/messages.go:326.97,335.2 1 0
septica-backend/internal/websocket/messages.go:338.92,354.2 1 0
septica-backend/internal/websocket/session.go:42.66,52.2 3 8
septica-backend/internal/websocket/session.go:55.59,61.2 4 0
septica-backend/internal/websocket/session.go:64.74,69.13 4 0
septica-backend/internal/websocket/session.go:69.13,71.3 1 0
septica-backend/internal/websocket/session.go:74.2,74.57 1 0
septica-backend/internal/websocket/session.go:74.57,76.3 1 0
septica-backend/internal/websocket/session.go:78.2,78.22 1 0
septica-backend/internal/websocket/session.go:82.64,86.54 3 0
septica-backend/internal/websocket/session.go:86.54,88.3 1 0
septica-backend/internal/websocket/session.go:92.121,96.54 3 0
septica-backend/internal/websocket/session.go:96.54,100.3 3 0
septica-backend/internal/websocket/session.go:104.66,108.54 3 0
septica-backend/internal/websocket/session.go:108.54,111.3 2 0
septica-backend/internal/websocket/session.go:115.56,120.2 3 0
septica-backend/internal/websocket/session.go:123.82,127.37 3 0
septica-backend/internal/websocket/session.go:127.37,128.31 1 0
septica-backend/internal/websocket/session.go:128.31,130.60 1 0
septica-backend/internal/websocket/session.go:130.60,132.5 1 0
septica-backend/internal/websocket/session.go:136.2,136.19 1 0
septica-backend/internal/websocket/session.go:140.49,144.21 3 8
septica-backend/internal/websocket/session.go:144.21,150.46 4 0
septica-backend/internal/websocket/session.go:150.46,151.56 1 0
septica-backend/internal/websocket/session.go:151.56,153.5 1 0
septica-backend/internal/websocket/session.go:156.3,156.45 1 0
septica-backend/internal/websocket/session.go:156.45,158.4 1 0
septica-backend/internal/websocket/session.go:160.3,162.31 2 0
septica-backend/internal/websocket/session.go:162.32,165.4 0 0
septica-backend/internal/websocket/session.go:170.52,175.2 3 0
septica-backend/internal/websocket/session.go:178.96,183.13 4 0
septica-backend/internal/websocket/session.go:183.13,185.3 1 0
septica-backend/internal/websocket/session.go:188.2,190.30 2 0
septica-backend/internal/websocket/session.go:190.30,192.17 2 0
septica-backend/internal/websocket/session.go:192.17,194.4 1 0
septica-backend/internal/websocket/session.go:196.3,197.71 2 0
septica-backend/internal/websocket/session.go:197.71,199.4 1 0
septica-backend/internal/websocket/session.go:201.3,201.40 1 0
septica-backend/internal/websocket/session.go:204.2,210.22 6 0
septica-backend/internal/ai/ai_matchmaking_manager.go:45.56,60.2 4 9
septica-backend/internal/ai/ai_matchmaking_manager.go:80.108,95.2 3 9
septica-backend/internal/ai/ai_matchmaking_manager.go:98.46,99.23 1 0
septica-backend/internal/ai/ai_matchmaking_manager.go:99.23,102.3 2 0
septica-backend/internal/ai/ai_matchmaking_manager.go:104.2,104.17 1 0
septica-backend/internal/ai/ai_matchmaking_manager.go:104.17,106.3 1 0
septica-backend/internal/ai/ai_matchmaking_manager.go:108.2,116.12 5 0
septica-backend/internal/ai/ai_matchmaking_manager.go:120.39,121.18 1 1
septica-backend/internal/ai/ai_matchmaking_manager.go:121.18,123.3 1 1
septica-backend/internal/ai/ai_matchmaking_manager.go:125.2,127.33 2 0
septica-backend/internal/ai/ai_matchmaking_manager.go:127.33,129.3 1 0
septica-backend/internal/ai/ai_matchmaking_manager.go:131.2,135.38 3 0
septica-backend/internal/ai/ai_matchmaking_manager.go:135.38,137.3 1 0
septica-backend/internal/ai/ai_matchmaking_manager.go:138.2,141.49 3 0
septica-backend/internal/ai/ai_matchmaking_manager.go:145.53,148.6 2 0
septica-backend/internal/ai/ai_matchmaking_manager.go:148.6,149.10 1 0
septica-backend/internal/ai/ai_matchmaking_manager.go:150.33,151.34 1 0
septica-backend/internal/ai/ai_matchmaking_manager.go:152.21,154.10 2 0
septica-backend/internal/ai/ai_matchmaking_manager.go:160.61,168.16 4 0
septica-backend/internal/ai/ai_matchmaking_manager.go:168.16,171.3 2 0
septica-backend/internal/ai/ai_matchmaking_manager.go:173.2,174.9 2 0
septica-backend/internal/ai/ai_matchmaking_manager.go:174.9,177.3 2 0
septica-backend/internal/ai/ai_matchmaking_manager.go:180.2,180.52 1 0
septica-backend/internal/ai/ai_matchmaking_manager.go:180.52,182.10 2 0
septica-backend/internal/ai/ai_matchmaking_manager.go:182.10,184.12 2 0
septica-backend/internal/ai/ai_matchmaking_manager.go:188.3,198.86 4 0
septica-backend/internal/ai/ai_matchmaking_manager.go:198.86,204.50 4 0
septica-backend/internal/ai/ai_matchmaking_manager.go:204.50,209.13 3 0
septica-backend/internal/ai/ai_matchmaking_manager.go:212.4,221.47 3 0
septica-backend/internal/ai/ai_matchmaking_manager.go:227.111,242.16 6 0
septica-backend/internal/ai/ai_matchmaking_manager.go:242.16,249.3 3 0
septica-backend/internal/ai/ai_matchmaking_manager.go:252.2,262.16 7 0
septica-backend/internal/ai/ai_matchmaking_manager.go:262.16,267.3 1 0
septica-backend/internal/ai/ai_matchmaking_manager.go:269.2,279.16 3 0
septica-backend/internal/ai/ai_matchmaking_manager.go:279.16,292.3 7 0
septica-backend/internal/ai/ai_matchmaking_manager.go:295.2,295.47 1 0
septica-backend/internal/ai/ai_matchmaking_manager.go:299.58,303.71 3 1000
septica-backend/internal/ai/ai_matchmaking_manager.go:303.71,305.25 2 1898
septica-backend/internal/ai/ai_matchmaking_manager.go:305.25,307.4 1 1000
septica-backend/internal/ai/ai_matchmaking_manager.go:310.2,310.17 1 0
septica-backend/internal/ai/ai_matchmaking_manager.go:314.70,320.42 4 30
septica-backend/internal/ai/ai_matchmaking_manager.go:320.42,322.3 1 10
septica-backend/internal/ai/ai_matchmaking_manager.go:323.2,323.42 1 30
septica-backend/internal/ai/ai_matchmaking_manager.go:323.42,325.3 1 10
septica-backend/internal/ai/ai_matchmaking_manager.go:328.2,329.22 2 30
septica-backend/internal/ai/ai_matchmaking_manager.go:329.22,331.3 1 0
septica-backend/internal/ai/ai_matchmaking_manager.go:333.2,334.33 2 30
septica-backend/internal/ai/ai_matchmaking_manager.go:338.73,347.16 3 9
septica-backend/internal/ai/ai_matchmaking_manager.go:347.16,350.3 2 4
septica-backend/internal/ai/ai_matchmaking_manager.go:352.2,357.16 4 5
septica-backend/internal/ai/ai_matchmaking_manager.go:357.16,361.3 2 1
septica-backend/internal/ai/ai_matchmaking_manager.go:364.2,366.16 3 4
septica-backend/internal/ai/ai_matchmaking_manager.go:366.16,369.3 2 1
septica-backend/internal/ai/ai_matchmaking_manager.go:371.2,371.12 1 3
septica-backend/internal/ai/ai_matchmaking_manager.go:375.89,378.2 2 0
septica-backend/internal/ai/ai_matchmaking_manager.go:381.64,384.13 3 1
septica-backend/internal/ai/ai_matchmaking_manager.go:384.13,387.3 2 0
septica-backend/internal/ai/ai_matchmaking_manager.go:389.2,398.54 5 1
septica-backend/internal/ai/ai_matchmaking_manager.go:402.55,406.2 3 3
septica-backend/internal/ai/ai_matchmaking_manager.go:409.65,411.2 1 2
septica-backend/internal/ai/ai_matchmaking_manager.go:414.74,419.2 2 1
septica-backend/internal/ai/ai_player.go:28.57,29.20 1 24
septica-backend/internal/ai/ai_player.go:30.14,38.4 1 7
septica-backend/internal/ai/ai_player.go:39.16,47.4 1 13
septica-backend/internal/ai/ai_player.go:48.14,56.4 1 4
septica-backend/internal/ai/ai_player.go:57.10,58.35 1 0
septica-backend/internal/ai/ai_player.go:78.82,97.2 5 24
septica-backend/internal/ai/ai_player.go:100.51,111.20 3 24
septica-backend/internal/ai/ai_player.go:112.14,113.23 1 7
septica-backend/internal/ai/ai_player.go:114.16,115.19 1 13
septica-backend/internal/ai/ai_player.go:116.14,117.20 1 4
septica-backend/internal/ai/ai_player.go:118.10,119.16 1 0
septica-backend/internal/ai/ai_player.go:122.2,123.43 2 24
septica-backend/internal/ai/ai_player.go:127.105,146.26 8 5
septica-backend/internal/ai/ai_player.go:146.26,158.3 4 2
septica-backend/internal/ai/ai_player.go:161.2,173.22 5 2
septica-backend/internal/ai/ai_player.go:177.59,187.2 6 5
septica-backend/internal/ai/ai_player.go:190.83,193.31 2 4
septica-backend/internal/ai/ai_player.go:193.31,194.38 1 3
septica-backend/internal/ai/ai_player.go:194.38,196.4 1 3
septica-backend/internal/ai/ai_player.go:199.2,199.19 1 4
septica-backend/internal/ai/ai_player.go:203.90,207.2 1 3
septica-backend/internal/ai/ai_player.go:210.124,211.26 1 2
septica-backend/internal/ai/ai_player.go:211.26,213.3 1 0
septica-backend/internal/ai/ai_player.go:216.2,217.34 2 2
septica-backend/internal/ai/ai_player.go:217.34,219.3 1 3
septica-backend/internal/ai/ai_player.go:222.2,222.45 1 2
septica-backend/internal/ai/ai_player.go:222.45,224.3 1 1
septica-backend/internal/ai/ai_player.go:227.2,228.36 2 2
septica-backend/internal/ai/ai_player.go:228.36,231.40 2 1
septica-backend/internal/ai/ai_player.go:231.40,233.4 1 0
septica-backend/internal/ai/ai_player.go:233.9,233.48 1 1
septica-backend/internal/ai/ai_player.go:233.48,235.4 1 0
septica-backend/internal/ai/ai_player.go:235.9,237.4 1 1
septica-backend/internal/ai/ai_player.go:238.8,238.45 1 1
septica-backend/internal/ai/ai_player.go:238.45,241.40 2 0
septica-backend/internal/ai/ai_player.go:241.40,243.4 1 0
septica-backend/internal/ai/ai_player.go:243.9,243.47 1 0
septica-backend/internal/ai/ai_player.go:243.47,245.4 1 0
septica-backend/internal/ai/ai_player.go:245.9,247.4 1 0
septica-backend/internal/ai/ai_player.go:248.8,251.40 2 1
septica-backend/internal/ai/ai_player.go:251.40,253.4 1 1
septica-backend/internal/ai/ai_player.go:253.9,253.48 1 0
septica-backend/internal/ai/ai_player.go:253.48,255.4 1 0
septica-backend/internal/ai/ai_player.go:255.9,257.4 1 0
septica-backend/internal/ai/ai_player.go:260.2,264.3 1 2
septica-backend/internal/ai/ai_player.go:268.91,275.21 3 3
septica-backend/internal/ai/ai_player.go:275.21,278.26 2 1
septica-backend/internal/ai/ai_player.go:278.26,280.4 1 1
septica-backend/internal/ai/ai_player.go:282.3,282.53 1 1
septica-backend/internal/ai/ai_player.go:282.53,284.4 1 0
septica-backend/internal/ai/ai_player.go:284.9,286.4 1 1
septica-backend/internal/ai/ai_player.go:290.2,290.39 1 3
septica-backend/internal/ai/ai_player.go:290.39,291.36 1 2
septica-backend/internal/ai/ai_player.go:291.36,293.9 2 1
septica-backend/internal/ai/ai_player.go:299.2,299.21 1 3
septica-backend/internal/ai/ai_player.go:299.21,300.22 1 0
septica-backend/internal/ai/ai_player.go:301.29,304.27 2 0
septica-backend/internal/ai/ai_player.go:304.27,306.5 1 0
septica-backend/internal/ai/ai_player.go:308.4,308.46 1 0
septica-backend/internal/ai/ai_player.go:308.46,310.5 1 0
septica-backend/internal/ai/ai_player.go:311.48,315.41 2 0
septica-backend/internal/ai/ai_player.go:315.41,316.29 1 0
septica-backend/internal/ai/ai_player.go:316.29,319.11 3 0
septica-backend/internal/ai/ai_player.go:322.4,322.39 1 0
septica-backend/internal/ai/ai_player.go:322.39,324.5 1 0
septica-backend/internal/ai/ai_player.go:325.11,327.16 1 0
septica-backend/internal/ai/ai_player.go:332.2,333.39 2 3
septica-backend/internal/ai/ai_player.go:333.39,334.53 1 2
septica-backend/internal/ai/ai_player.go:334.53,336.4 1 2
septica-backend/internal/ai/ai_player.go:339.2,339.27 1 3
septica-backend/internal/ai/ai_player.go:339.27,342.3 1 2
septica-backend/internal/ai/ai_player.go:345.2,345.23 1 3
septica-backend/internal/ai/ai_player.go:345.23,348.3 1 3
septica-backend/internal/ai/ai_player.go:351.2,351.42 1 3
septica-backend/internal/ai/ai_player.go:351.42,352.53 1 2
septica-backend/internal/ai/ai_player.go:352.53,354.4 1 1
septica-backend/internal/ai/ai_player.go:358.2,361.14 3 3
septica-backend/internal/ai/ai_player.go:365.54,380.2 1 4
septica-backend/internal/ai/ai_player.go:383.33,385.2 1 0
septica-backend/internal/ai/ai_websocket_client.go:37.103,56.2 4 23
septica-backend/internal/ai/ai_websocket_client.go:59.45,63.19 3 23
septica-backend/internal/ai/ai_websocket_client.go:63.19,65.3 1 0
septica-backend/internal/ai/ai_websocket_client.go:68.2,69.16 2 23
septica-backend/internal/ai/ai_websocket_client.go:69.16,71.3 1 0
septica-backend/internal/ai/ai_websocket_client.go:73.2,82.12 4 23
septica-backend/internal/ai/ai_websocket_client.go:86.48,90.20 3 20
septica-backend/internal/ai/ai_websocket_client.go:90.20,92.3 1 0
septica-backend/internal/ai/ai_websocket_client.go:95.2,106.12 5 20
septica-backend/internal/ai/ai_websocket_client.go:110.74,114.20 3 16
septica-backend/internal/ai/ai_websocket_client.go:114.20,116.3 1 0
septica-backend/internal/ai/ai_websocket_client.go:118.2,118.9 1 16
septica-backend/internal/ai/ai_websocket_client.go:119.32,120.13 1 16
septica-backend/internal/ai/ai_websocket_client.go:121.37,122.52 1 0
septica-backend/internal/ai/ai_websocket_client.go:127.47,130.6 2 23
septica-backend/internal/ai/ai_websocket_client.go:130.6,131.10 1 39
septica-backend/internal/ai/ai_websocket_client.go:132.35,133.28 1 16
septica-backend/internal/ai/ai_websocket_client.go:134.21,136.10 2 20
septica-backend/internal/ai/ai_websocket_client.go:142.70,148.22 2 16
septica-backend/internal/ai/ai_websocket_client.go:149.21,150.30 1 1
septica-backend/internal/ai/ai_websocket_client.go:151.20,152.29 1 1
septica-backend/internal/ai/ai_websocket_client.go:153.20,154.29 1 1
septica-backend/internal/ai/ai_websocket_client.go:155.21,156.30 1 0
septica-backend/internal/ai/ai_websocket_client.go:157.22,158.31 1 1
septica-backend/internal/ai/ai_websocket_client.go:159.20,160.29 1 1
septica-backend/internal/ai/ai_websocket_client.go:161.15,162.25 1 1
septica-backend/internal/ai/ai_websocket_client.go:163.10,166.33 1 10
septica-backend/internal/ai/ai_websocket_client.go:171.73,174.27 2 1
septica-backend/internal/ai/ai_websocket_client.go:174.27,176.3 1 1
septica-backend/internal/ai/ai_websocket_client.go:176.8,176.35 1 0
septica-backend/internal/ai/ai_websocket_client.go:176.35,177.63 1 0
septica-backend/internal/ai/ai_websocket_client.go:177.63,178.58 1 0
septica-backend/internal/ai/ai_websocket_client.go:178.58,180.5 1 0
septica-backend/internal/ai/ai_websocket_client.go:184.2,184.19 1 1
septica-backend/internal/ai/ai_websocket_client.go:184.19,187.3 2 0
septica-backend/internal/ai/ai_websocket_client.go:189.2,193.66 3 1
septica-backend/internal/ai/ai_websocket_client.go:193.66,200.3 2 0
septica-backend/internal/ai/ai_websocket_client.go:202.2,218.31 3 1
septica-backend/internal/ai/ai_websocket_client.go:222.72,224.19 2 1
septica-backend/internal/ai/ai_websocket_client.go:224.19,227.3 2 0
septica-backend/internal/ai/ai_websocket_client.go:229.2,246.31 5 1
septica-backend/internal/ai/ai_websocket_client.go:250.72,251.27 1 1
septica-backend/internal/ai/ai_websocket_client.go:251.27,253.3 1 0
septica-backend/internal/ai/ai_websocket_client.go:256.2,257.28 2 1
septica-backend/internal/ai/ai_websocket_client.go:257.28,259.17 2 1
septica-backend/internal/ai/ai_websocket_client.go:259.17,262.4 2 0
septica-backend/internal/ai/ai_websocket_client.go:264.3,265.17 2 1
septica-backend/internal/ai/ai_websocket_client.go:265.17,268.4 2 0
septica-backend/internal/ai/ai_websocket_client.go:271.2,278.75 4 1
septica-backend/internal/ai/ai_websocket_client.go:278.75,283.3 2 1
septica-backend/internal/ai/ai_websocket_client.go:287.73,290.2 1 0
septica-backend/internal/ai/ai_websocket_client.go:293.74,294.46 1 1
septica-backend/internal/ai/ai_websocket_client.go:294.46,297.3 2 1
septica-backend/internal/ai/ai_websocket_client.go:301.72,310.2 5 1
septica-backend/internal/ai/ai_websocket_client.go:313.68,317.2 1 1
septica-backend/internal/ai/ai_websocket_client.go:320.79,321.21 1 3
septica-backend/internal/ai/ai_websocket_client.go:321.21,323.3 1 0
septica-backend/internal/ai/ai_websocket_client.go:325.2,329.16 3 3
septica-backend/internal/ai/ai_websocket_client.go:329.16,332.3 2 0
septica-backend/internal/ai/ai_websocket_client.go:335.2,336.50 2 2
septica-backend/internal/ai/ai_websocket_client.go:336.50,346.3 1 1
septica-backend/internal/ai/ai_websocket_client.go:346.8,351.3 1 1
septica-backend/internal/ai/ai_websocket_client.go:354.2,368.21 3 2
septica-backend/internal/ai/ai_websocket_client.go:372.74,375.12 1 4
septica-backend/internal/ai/ai_websocket_client.go:375.12,380.17 3 4
septica-backend/internal/ai/ai_websocket_client.go:380.17,385.4 1 1
septica-backend/internal/ai/ai_websocket_client.go:390.69,391.20 1 0
septica-backend/internal/ai/ai_websocket_client.go:391.20,393.3 1 0
septica-backend/internal/ai/ai_websocket_client.go:395.2,407.12 3 0
septica-backend/internal/ai/ai_websocket_client.go:411.44,415.2 3 1
septica-backend/internal/ai/ai_websocket_client.go:418.51,420.2 1 0
septica-backend/internal/ai/ai_websocket_client.go:423.54,425.2 1 0
septica-backend/internal/middleware/auth.go:16.87,17.30 1 4
septica-backend/internal/middleware/auth.go:17.30,20.23 2 4
septica-backend/internal/middleware/auth.go:20.23,27.4 4 1
septica-backend/internal/middleware/auth.go:30.3,31.32 2 3
septica-backend/internal/middleware/auth.go:31.32,38.4 4 1
septica-backend/internal/middleware/auth.go:41.3,42.17 2 2
septica-backend/internal/middleware/auth.go:42.17,49.4 4 1
septica-backend/internal/middleware/auth.go:52.3,57.11 4 1
septica-backend/internal/middleware/auth.go:63.95,64.30 1 2
septica-backend/internal/middleware/auth.go:64.30,66.23 2 2
septica-backend/internal/middleware/auth.go:66.23,70.4 2 1
septica-backend/internal/middleware/auth.go:72.3,73.32 2 1
septica-backend/internal/middleware/auth.go:73.32,78.4 3 0
septica-backend/internal/middleware/auth.go:81.3,82.17 2 1
septica-backend/internal/middleware/auth.go:82.17,87.4 3 1
septica-backend/internal/middleware/auth.go:87.9,90.4 1 0
septica-backend/internal/middleware/auth.go:92.3,92.11 1 1
septica-backend/internal/middleware/auth.go:98.50,100.13 2 7
septica-backend/internal/middleware/auth.go:100.13,102.3 1 3
septica-backend/internal/middleware/auth.go:104.2,105.9 2 4
septica-backend/internal/middleware/auth.go:105.9,107.3 1 0
septica-backend/internal/middleware/auth.go:109.2,109.18 1 4
septica-backend/internal/middleware/auth.go:114.49,116.13 2 2
septica-backend/internal/middleware/auth.go:116.13,118.3 1 1
septica-backend/internal/middleware/auth.go:120.2,121.9 2 1
septica-backend/internal/middleware/auth.go:121.9,123.3 1 0
septica-backend/internal/middleware/auth.go:125.2,125.20 1 1
septica-backend/internal/middleware/auth.go:130.62,132.35 2 2
septica-backend/internal/middleware/auth.go:132.35,139.3 4 1
septica-backend/internal/middleware/auth.go:140.2,140.13 1 1
septica-backend/internal/middleware/prometheus.go:12.45,13.30 1 0
septica-backend/internal/middleware/prometheus.go:13.30,23.17 6 0
septica-backend/internal/middleware/prometheus.go:23.17,25.4 1 0
septica-backend/internal/middleware/prometheus.go:27.3,37.10 2 0
septica-backend/internal/middleware/rate_limiter.go:27.84,37.2 2 9
septica-backend/internal/middleware/rate_limiter.go:40.61,45.13 4 10119
septica-backend/internal/middleware/rate_limiter.go:45.13,48.3 2 10010
septica-backend/internal/middleware/rate_limiter.go:50.2,50.16 1 10119
septica-backend/internal/middleware/rate_limiter.go:55.60,61.29 3 1
septica-backend/internal/middleware/rate_limiter.go:61.29,64.3 2 1
septica-backend/internal/middleware/rate_limiter.go:68.93,69.30 1 6
septica-backend/internal/middleware/rate_limiter.go:69.30,73.23 3 115
septica-backend/internal/middleware/rate_limiter.go:73.23,91.4 5 65
septica-backend/internal/middleware/rate_limiter.go:93.3,93.11 1 50
septica-backend/internal/middleware/rate_limiter.go:98.68,100.12 2 0
septica-backend/internal/middleware/rate_limiter.go:100.12,101.22 1 0
septica-backend/internal/middleware/rate_limiter.go:101.22,103.4 1 0
septica-backend/test/helpers.go:15.41,19.16 2 2
septica-backend/test/helpers.go:19.16,21.3 1 0
septica-backend/test/helpers.go:24.2,30.16 2 2
septica-backend/test/helpers.go:30.16,32.3 1 0
septica-backend/test/helpers.go:34.2,34.11 1 2
septica-backend/test/helpers.go:38.48,40.16 2 2
septica-backend/test/helpers.go:40.16,43.3 2 0
septica-backend/test/helpers.go:44.2,44.15 1 2
septica-backend/test/helpers.go:48.87,59.46 2 2
septica-backend/test/helpers.go:59.46,61.3 1 0
septica-backend/test/helpers.go:64.2,69.48 2 2
septica-backend/test/helpers.go:69.48,71.3 1 0
septica-backend/test/helpers.go:73.2,73.12 1 2
